<?xml version="1.0" encoding="UTF-8"?>
<testsuite name="TestSuite" time="1.178" tests="723" errors="0" skipped="0" failures="0">
  <properties>
    <property name="java.runtime.name" value="Java(TM) SE Runtime Environment"/>
    <property name="sun.boot.library.path" value="/usr/lib/jvm/java-8-oracle/jre/lib/amd64"/>
    <property name="java.vm.version" value="25.31-b07"/>
    <property name="java.vm.vendor" value="Oracle Corporation"/>
    <property name="java.vendor.url" value="http://java.oracle.com/"/>
    <property name="path.separator" value=":"/>
    <property name="guice.disable.misplaced.annotation.check" value="true"/>
    <property name="java.vm.name" value="Java HotSpot(TM) 64-Bit Server VM"/>
    <property name="file.encoding.pkg" value="sun.io"/>
    <property name="user.country" value="US"/>
    <property name="sun.java.launcher" value="SUN_STANDARD"/>
    <property name="sun.os.patch.level" value="unknown"/>
    <property name="java.vm.specification.name" value="Java Virtual Machine Specification"/>
    <property name="user.dir" value="/home/travis/build/TheLQ/pircbotx"/>
    <property name="java.runtime.version" value="1.8.0_31-b13"/>
    <property name="java.awt.graphicsenv" value="sun.awt.X11GraphicsEnvironment"/>
    <property name="java.endorsed.dirs" value="/usr/lib/jvm/java-8-oracle/jre/lib/endorsed"/>
    <property name="os.arch" value="amd64"/>
    <property name="java.io.tmpdir" value="/tmp"/>
    <property name="line.separator" value="&#10;"/>
    <property name="java.vm.specification.vendor" value="Oracle Corporation"/>
    <property name="os.name" value="Linux"/>
    <property name="classworlds.conf" value="/usr/local/maven/bin/m2.conf"/>
    <property name="sun.jnu.encoding" value="UTF-8"/>
    <property name="java.library.path" value="/usr/java/packages/lib/amd64:/usr/lib64:/lib64:/lib:/usr/lib"/>
    <property name="java.specification.name" value="Java Platform API Specification"/>
    <property name="java.class.version" value="52.0"/>
    <property name="sun.management.compiler" value="HotSpot 64-Bit Tiered Compilers"/>
    <property name="maven.repo.local" value="/home/travis/.m2/repository"/>
    <property name="os.version" value="3.13.0-40-generic"/>
    <property name="user.home" value="/home/travis"/>
    <property name="user.timezone" value="Etc/UTC"/>
    <property name="java.awt.printerjob" value="sun.print.PSPrinterJob"/>
    <property name="file.encoding" value="UTF-8"/>
    <property name="java.specification.version" value="1.8"/>
    <property name="user.name" value="travis"/>
    <property name="java.class.path" value="/usr/local/maven/boot/plexus-classworlds-2.5.2.jar"/>
    <property name="java.vm.specification.version" value="1.8"/>
    <property name="sun.arch.data.model" value="64"/>
    <property name="java.home" value="/usr/lib/jvm/java-8-oracle/jre"/>
    <property name="sun.java.command" value="org.codehaus.plexus.classworlds.launcher.Launcher test -B"/>
    <property name="java.specification.vendor" value="Oracle Corporation"/>
    <property name="user.language" value="en"/>
    <property name="awt.toolkit" value="sun.awt.X11.XToolkit"/>
    <property name="java.vm.info" value="mixed mode"/>
    <property name="java.version" value="1.8.0_31"/>
    <property name="java.ext.dirs" value="/usr/lib/jvm/java-8-oracle/jre/lib/ext:/usr/java/packages/lib/ext"/>
    <property name="securerandom.source" value="file:/dev/./urandom"/>
    <property name="sun.boot.class.path" value="/usr/lib/jvm/java-8-oracle/jre/lib/resources.jar:/usr/lib/jvm/java-8-oracle/jre/lib/rt.jar:/usr/lib/jvm/java-8-oracle/jre/lib/sunrsasign.jar:/usr/lib/jvm/java-8-oracle/jre/lib/jsse.jar:/usr/lib/jvm/java-8-oracle/jre/lib/jce.jar:/usr/lib/jvm/java-8-oracle/jre/lib/charsets.jar:/usr/lib/jvm/java-8-oracle/jre/lib/jfr.jar:/usr/lib/jvm/java-8-oracle/jre/classes"/>
    <property name="java.vendor" value="Oracle Corporation"/>
    <property name="maven.home" value="/usr/local/maven"/>
    <property name="file.separator" value="/"/>
    <property name="java.vendor.url.bug" value="http://bugreport.sun.com/bugreport/"/>
    <property name="sun.cpu.endian" value="little"/>
    <property name="sun.io.unicode.encoding" value="UnicodeLittle"/>
    <property name="sun.cpu.isalist" value=""/>
  </properties>
  <testcase name="containSameFieldsTest" classname="org.pircbotx.ConfigurationTest" time="0.112"/>
  <testcase name="eventImplementTest" classname="org.pircbotx.hooks.ListenerAdapterTest" time="0.001"/>
  <testcase name="eventImplementTest" classname="org.pircbotx.hooks.ListenerAdapterTest" time="0"/>
  <testcase name="eventImplementTest" classname="org.pircbotx.hooks.ListenerAdapterTest" time="0.002"/>
  <testcase name="eventImplementTest" classname="org.pircbotx.hooks.ListenerAdapterTest" time="0.002"/>
  <testcase name="eventImplementTest" classname="org.pircbotx.hooks.ListenerAdapterTest" time="0"/>
  <testcase name="eventImplementTest" classname="org.pircbotx.hooks.ListenerAdapterTest" time="0.002"/>
  <testcase name="eventImplementTest" classname="org.pircbotx.hooks.ListenerAdapterTest" time="0"/>
  <testcase name="eventImplementTest" classname="org.pircbotx.hooks.ListenerAdapterTest" time="0.002"/>
  <testcase name="eventImplementTest" classname="org.pircbotx.hooks.ListenerAdapterTest" time="0.001"/>
  <testcase name="eventImplementTest" classname="org.pircbotx.hooks.ListenerAdapterTest" time="0.001"/>
  <testcase name="eventImplementTest" classname="org.pircbotx.hooks.ListenerAdapterTest" time="0.002"/>
  <testcase name="eventImplementTest" classname="org.pircbotx.hooks.ListenerAdapterTest" time="0.001"/>
  <testcase name="eventImplementTest" classname="org.pircbotx.hooks.ListenerAdapterTest" time="0.001"/>
  <testcase name="eventImplementTest" classname="org.pircbotx.hooks.ListenerAdapterTest" time="0.001"/>
  <testcase name="eventImplementTest" classname="org.pircbotx.hooks.ListenerAdapterTest" time="0"/>
  <testcase name="eventImplementTest" classname="org.pircbotx.hooks.ListenerAdapterTest" time="0"/>
  <testcase name="eventImplementTest" classname="org.pircbotx.hooks.ListenerAdapterTest" time="0.002"/>
  <testcase name="eventImplementTest" classname="org.pircbotx.hooks.ListenerAdapterTest" time="0"/>
  <testcase name="eventImplementTest" classname="org.pircbotx.hooks.ListenerAdapterTest" time="0.001"/>
  <testcase name="eventImplementTest" classname="org.pircbotx.hooks.ListenerAdapterTest" time="0.001"/>
  <testcase name="eventImplementTest" classname="org.pircbotx.hooks.ListenerAdapterTest" time="0.001"/>
  <testcase name="eventImplementTest" classname="org.pircbotx.hooks.ListenerAdapterTest" time="0"/>
  <testcase name="eventImplementTest" classname="org.pircbotx.hooks.ListenerAdapterTest" time="0"/>
  <testcase name="eventImplementTest" classname="org.pircbotx.hooks.ListenerAdapterTest" time="0.002"/>
  <testcase name="eventImplementTest" classname="org.pircbotx.hooks.ListenerAdapterTest" time="0"/>
  <testcase name="eventImplementTest" classname="org.pircbotx.hooks.ListenerAdapterTest" time="0"/>
  <testcase name="eventImplementTest" classname="org.pircbotx.hooks.ListenerAdapterTest" time="0"/>
  <testcase name="eventImplementTest" classname="org.pircbotx.hooks.ListenerAdapterTest" time="0.001"/>
  <testcase name="eventImplementTest" classname="org.pircbotx.hooks.ListenerAdapterTest" time="0.001"/>
  <testcase name="eventImplementTest" classname="org.pircbotx.hooks.ListenerAdapterTest" time="0.001"/>
  <testcase name="eventImplementTest" classname="org.pircbotx.hooks.ListenerAdapterTest" time="0.001"/>
  <testcase name="eventImplementTest" classname="org.pircbotx.hooks.ListenerAdapterTest" time="0.001"/>
  <testcase name="eventImplementTest" classname="org.pircbotx.hooks.ListenerAdapterTest" time="0"/>
  <testcase name="eventImplementTest" classname="org.pircbotx.hooks.ListenerAdapterTest" time="0"/>
  <testcase name="eventImplementTest" classname="org.pircbotx.hooks.ListenerAdapterTest" time="0.001"/>
  <testcase name="eventImplementTest" classname="org.pircbotx.hooks.ListenerAdapterTest" time="0.001"/>
  <testcase name="eventImplementTest" classname="org.pircbotx.hooks.ListenerAdapterTest" time="0.001"/>
  <testcase name="eventImplementTest" classname="org.pircbotx.hooks.ListenerAdapterTest" time="0.001"/>
  <testcase name="eventImplementTest" classname="org.pircbotx.hooks.ListenerAdapterTest" time="0"/>
  <testcase name="eventImplementTest" classname="org.pircbotx.hooks.ListenerAdapterTest" time="0"/>
  <testcase name="eventImplementTest" classname="org.pircbotx.hooks.ListenerAdapterTest" time="0.009"/>
  <testcase name="eventImplementTest" classname="org.pircbotx.hooks.ListenerAdapterTest" time="0.001"/>
  <testcase name="eventImplementTest" classname="org.pircbotx.hooks.ListenerAdapterTest" time="0.001"/>
  <testcase name="eventImplementTest" classname="org.pircbotx.hooks.ListenerAdapterTest" time="0.001"/>
  <testcase name="eventImplementTest" classname="org.pircbotx.hooks.ListenerAdapterTest" time="0"/>
  <testcase name="eventImplementTest" classname="org.pircbotx.hooks.ListenerAdapterTest" time="0.001"/>
  <testcase name="eventImplementTest" classname="org.pircbotx.hooks.ListenerAdapterTest" time="0"/>
  <testcase name="eventImplementTest" classname="org.pircbotx.hooks.ListenerAdapterTest" time="0"/>
  <testcase name="eventImplementTest" classname="org.pircbotx.hooks.ListenerAdapterTest" time="0.001"/>
  <testcase name="eventImplementTest" classname="org.pircbotx.hooks.ListenerAdapterTest" time="0"/>
  <testcase name="eventImplementTest" classname="org.pircbotx.hooks.ListenerAdapterTest" time="0"/>
  <testcase name="eventImplementTest" classname="org.pircbotx.hooks.ListenerAdapterTest" time="0.002"/>
  <testcase name="eventImplementTest" classname="org.pircbotx.hooks.ListenerAdapterTest" time="0.016"/>
  <testcase name="eventImplementTest" classname="org.pircbotx.hooks.ListenerAdapterTest" time="0"/>
  <testcase name="eventImplementTest" classname="org.pircbotx.hooks.ListenerAdapterTest" time="0"/>
  <testcase name="eventImplementTest" classname="org.pircbotx.hooks.ListenerAdapterTest" time="0.001"/>
  <testcase name="eventImplementTest" classname="org.pircbotx.hooks.ListenerAdapterTest" time="0"/>
  <testcase name="eventImplementTest" classname="org.pircbotx.hooks.ListenerAdapterTest" time="0"/>
  <testcase name="eventImplementTest" classname="org.pircbotx.hooks.ListenerAdapterTest" time="0"/>
  <testcase name="eventImplementTest" classname="org.pircbotx.hooks.ListenerAdapterTest" time="0"/>
  <testcase name="eventImplementTest" classname="org.pircbotx.hooks.ListenerAdapterTest" time="0.001"/>
  <testcase name="eventImplementTest" classname="org.pircbotx.hooks.ListenerAdapterTest" time="0.001"/>
  <testcase name="eventImplementTest" classname="org.pircbotx.hooks.ListenerAdapterTest" time="0"/>
  <testcase name="eventImplementTest" classname="org.pircbotx.hooks.ListenerAdapterTest" time="0.001"/>
  <testcase name="eventImplementTest" classname="org.pircbotx.hooks.ListenerAdapterTest" time="0"/>
  <testcase name="unknownEventTest" classname="org.pircbotx.hooks.ListenerAdapterTest" time="0.005"/>
  <testcase name="usabilityTest" classname="org.pircbotx.hooks.ListenerAdapterTest" time="0.227"/>
  <testcase name="sendRawLineSplit" classname="org.pircbotx.output.OutputSplitTest" time="0.008"/>
  <testcase name="combineTestIllegal1" classname="org.pircbotx.UtilSSLSocketFactoryTest" time="0.307"/>
  <testcase name="combineTestIllegal2" classname="org.pircbotx.UtilSSLSocketFactoryTest" time="0.004"/>
  <testcase name="combineTestLegal" classname="org.pircbotx.UtilSSLSocketFactoryTest" time="0.001"/>
  <testcase name="delegatesAllMethods" classname="org.pircbotx.UtilSSLSocketFactoryTest" time="0.018"/>
  <testcase name="copyConstructorTest" classname="org.pircbotx.ConfigurationTest" time="0.15"/>
  <testcase name="copyConstructorTest" classname="org.pircbotx.ConfigurationTest" time="0.002"/>
  <testcase name="copyConstructorTest" classname="org.pircbotx.ConfigurationTest" time="0.044"/>
  <testcase name="copyConstructorTest" classname="org.pircbotx.ConfigurationTest" time="0.002"/>
  <testcase name="copyConstructorTest" classname="org.pircbotx.ConfigurationTest" time="0.001"/>
  <testcase name="copyConstructorTest" classname="org.pircbotx.ConfigurationTest" time="0"/>
  <testcase name="copyConstructorTest" classname="org.pircbotx.ConfigurationTest" time="0.045"/>
  <testcase name="copyConstructorTest" classname="org.pircbotx.ConfigurationTest" time="0.001"/>
  <testcase name="copyConstructorTest" classname="org.pircbotx.ConfigurationTest" time="0.001"/>
  <testcase name="copyConstructorTest" classname="org.pircbotx.ConfigurationTest" time="0.002"/>
  <testcase name="copyConstructorTest" classname="org.pircbotx.ConfigurationTest" time="0.001"/>
  <testcase name="copyConstructorTest" classname="org.pircbotx.ConfigurationTest" time="0"/>
  <testcase name="copyConstructorTest" classname="org.pircbotx.ConfigurationTest" time="0.004"/>
  <testcase name="copyConstructorTest" classname="org.pircbotx.ConfigurationTest" time="0"/>
  <testcase name="copyConstructorTest" classname="org.pircbotx.ConfigurationTest" time="0"/>
  <testcase name="copyConstructorTest" classname="org.pircbotx.ConfigurationTest" time="0.027"/>
  <testcase name="copyConstructorTest" classname="org.pircbotx.ConfigurationTest" time="0.002"/>
  <testcase name="copyConstructorTest" classname="org.pircbotx.ConfigurationTest" time="0.002"/>
  <testcase name="copyConstructorTest" classname="org.pircbotx.ConfigurationTest" time="0.002"/>
  <testcase name="copyConstructorTest" classname="org.pircbotx.ConfigurationTest" time="0.001"/>
  <testcase name="copyConstructorTest" classname="org.pircbotx.ConfigurationTest" time="0.001"/>
  <testcase name="copyConstructorTest" classname="org.pircbotx.ConfigurationTest" time="0.005"/>
  <testcase name="copyConstructorTest" classname="org.pircbotx.ConfigurationTest" time="0.001"/>
  <testcase name="copyConstructorTest" classname="org.pircbotx.ConfigurationTest" time="0.001"/>
  <testcase name="copyConstructorTest" classname="org.pircbotx.ConfigurationTest" time="0.006"/>
  <testcase name="copyConstructorTest" classname="org.pircbotx.ConfigurationTest" time="0.001"/>
  <testcase name="copyConstructorTest" classname="org.pircbotx.ConfigurationTest" time="0.003"/>
  <testcase name="copyConstructorTest" classname="org.pircbotx.ConfigurationTest" time="0.005"/>
  <testcase name="copyConstructorTest" classname="org.pircbotx.ConfigurationTest" time="0.001"/>
  <testcase name="copyConstructorTest" classname="org.pircbotx.ConfigurationTest" time="0.001"/>
  <testcase name="copyConstructorTest" classname="org.pircbotx.ConfigurationTest" time="0.002"/>
  <testcase name="copyConstructorTest" classname="org.pircbotx.ConfigurationTest" time="0.002"/>
  <testcase name="copyConstructorTest" classname="org.pircbotx.ConfigurationTest" time="0.004"/>
  <testcase name="copyConstructorTest" classname="org.pircbotx.ConfigurationTest" time="0.003"/>
  <testcase name="copyConstructorTest" classname="org.pircbotx.ConfigurationTest" time="0.003"/>
  <testcase name="copyConstructorTest" classname="org.pircbotx.ConfigurationTest" time="0.001"/>
  <testcase name="copyConstructorTest" classname="org.pircbotx.ConfigurationTest" time="0.002"/>
  <testcase name="copyConstructorTest" classname="org.pircbotx.ConfigurationTest" time="0.002"/>
  <testcase name="copyConstructorTest" classname="org.pircbotx.ConfigurationTest" time="0.001"/>
  <testcase name="copyConstructorTest" classname="org.pircbotx.ConfigurationTest" time="0.003"/>
  <testcase name="copyConstructorTest" classname="org.pircbotx.ConfigurationTest" time="0.002"/>
  <testcase name="copyConstructorTest" classname="org.pircbotx.ConfigurationTest" time="0.001"/>
  <testcase name="copyConstructorTest" classname="org.pircbotx.ConfigurationTest" time="0.003"/>
  <testcase name="copyConstructorTest" classname="org.pircbotx.ConfigurationTest" time="0.001"/>
  <testcase name="copyConstructorTest" classname="org.pircbotx.ConfigurationTest" time="0.001"/>
  <testcase name="copyConstructorTest" classname="org.pircbotx.ConfigurationTest" time="0.005"/>
  <testcase name="copyConstructorTest" classname="org.pircbotx.ConfigurationTest" time="0.005"/>
  <testcase name="copyConstructorTest" classname="org.pircbotx.ConfigurationTest" time="0.001"/>
  <testcase name="copyConstructorTest" classname="org.pircbotx.ConfigurationTest" time="0.003"/>
  <testcase name="copyConstructorTest" classname="org.pircbotx.ConfigurationTest" time="0.001"/>
  <testcase name="copyConstructorTest" classname="org.pircbotx.ConfigurationTest" time="0.002"/>
  <testcase name="copyConstructorTest" classname="org.pircbotx.ConfigurationTest" time="0.002"/>
  <testcase name="copyConstructorTest" classname="org.pircbotx.ConfigurationTest" time="0.006"/>
  <testcase name="copyConstructorTest" classname="org.pircbotx.ConfigurationTest" time="0.001"/>
  <testcase name="copyConstructorTest" classname="org.pircbotx.ConfigurationTest" time="0.007"/>
  <testcase name="copyConstructorTest" classname="org.pircbotx.ConfigurationTest" time="0.002"/>
  <testcase name="copyConstructorTest" classname="org.pircbotx.ConfigurationTest" time="0.001"/>
  <testcase name="copyConstructorTest" classname="org.pircbotx.ConfigurationTest" time="0.001"/>
  <testcase name="copyConstructorTest" classname="org.pircbotx.ConfigurationTest" time="0.001"/>
  <testcase name="copyConstructorTest" classname="org.pircbotx.ConfigurationTest" time="0.002"/>
  <testcase name="copyConstructorTest" classname="org.pircbotx.ConfigurationTest" time="0.001"/>
  <testcase name="copyConstructorTest" classname="org.pircbotx.ConfigurationTest" time="0.002"/>
  <testcase name="copyConstructorTest" classname="org.pircbotx.ConfigurationTest" time="0.002"/>
  <testcase name="copyConstructorTest" classname="org.pircbotx.ConfigurationTest" time="0.001"/>
  <testcase name="copyConstructorTest" classname="org.pircbotx.ConfigurationTest" time="0.002"/>
  <testcase name="copyConstructorTest" classname="org.pircbotx.ConfigurationTest" time="0.001"/>
  <testcase name="copyConstructorTest" classname="org.pircbotx.ConfigurationTest" time="0.002"/>
  <testcase name="copyConstructorTest" classname="org.pircbotx.ConfigurationTest" time="0.001"/>
  <testcase name="copyConstructorTest" classname="org.pircbotx.ConfigurationTest" time="0.004"/>
  <testcase name="copyConstructorTest" classname="org.pircbotx.ConfigurationTest" time="0.001"/>
  <testcase name="copyConstructorTest" classname="org.pircbotx.ConfigurationTest" time="0.006"/>
  <testcase name="copyConstructorTest" classname="org.pircbotx.ConfigurationTest" time="0.003"/>
  <testcase name="copyConstructorTest" classname="org.pircbotx.ConfigurationTest" time="0.001"/>
  <testcase name="copyConstructorTest" classname="org.pircbotx.ConfigurationTest" time="0.001"/>
  <testcase name="copyConstructorTest" classname="org.pircbotx.ConfigurationTest" time="0.003"/>
  <testcase name="copyConstructorTest" classname="org.pircbotx.ConfigurationTest" time="0.001"/>
  <testcase name="copyConstructorTest" classname="org.pircbotx.ConfigurationTest" time="0.001"/>
  <testcase name="copyConstructorTest" classname="org.pircbotx.ConfigurationTest" time="0.001"/>
  <testcase name="copyConstructorTest" classname="org.pircbotx.ConfigurationTest" time="0.001"/>
  <testcase name="copyConstructorTest" classname="org.pircbotx.ConfigurationTest" time="0.006"/>
  <testcase name="copyConstructorTest" classname="org.pircbotx.ConfigurationTest" time="0.001"/>
  <testcase name="copyConstructorTest" classname="org.pircbotx.ConfigurationTest" time="0.001"/>
  <testcase name="copyConstructorTest" classname="org.pircbotx.ConfigurationTest" time="0.001"/>
  <testcase name="copyConstructorTest" classname="org.pircbotx.ConfigurationTest" time="0.001"/>
  <testcase name="copyConstructorTest" classname="org.pircbotx.ConfigurationTest" time="0.003"/>
  <testcase name="copyConstructorTest" classname="org.pircbotx.ConfigurationTest" time="0.001"/>
  <testcase name="copyConstructorTest" classname="org.pircbotx.ConfigurationTest" time="0.001"/>
  <testcase name="copyConstructorTest" classname="org.pircbotx.ConfigurationTest" time="0.004"/>
  <testcase name="copyConstructorTest" classname="org.pircbotx.ConfigurationTest" time="0"/>
  <testcase name="copyConstructorTest" classname="org.pircbotx.ConfigurationTest" time="0"/>
  <testcase name="copyConstructorTest" classname="org.pircbotx.ConfigurationTest" time="0"/>
  <testcase name="copyConstructorTest" classname="org.pircbotx.ConfigurationTest" time="0.012"/>
  <testcase name="copyConstructorTest" classname="org.pircbotx.ConfigurationTest" time="0.007"/>
  <testcase name="copyConstructorTest" classname="org.pircbotx.ConfigurationTest" time="0"/>
  <testcase name="copyConstructorTest" classname="org.pircbotx.ConfigurationTest" time="0"/>
  <testcase name="copyConstructorTest" classname="org.pircbotx.ConfigurationTest" time="0"/>
  <testcase name="copyConstructorTest" classname="org.pircbotx.ConfigurationTest" time="0"/>
  <testcase name="copyConstructorTest" classname="org.pircbotx.ConfigurationTest" time="0"/>
  <testcase name="copyConstructorTest" classname="org.pircbotx.ConfigurationTest" time="0"/>
  <testcase name="copyConstructorTest" classname="org.pircbotx.ConfigurationTest" time="0"/>
  <testcase name="copyConstructorTest" classname="org.pircbotx.ConfigurationTest" time="0.001"/>
  <testcase name="copyConstructorTest" classname="org.pircbotx.ConfigurationTest" time="0.001"/>
  <testcase name="copyConstructorTest" classname="org.pircbotx.ConfigurationTest" time="0.001"/>
  <testcase name="copyConstructorTest" classname="org.pircbotx.ConfigurationTest" time="0.001"/>
  <testcase name="copyConstructorTest" classname="org.pircbotx.ConfigurationTest" time="0.001"/>
  <testcase name="copyConstructorTest" classname="org.pircbotx.ConfigurationTest" time="0.001"/>
  <testcase name="copyConstructorTest" classname="org.pircbotx.ConfigurationTest" time="0.001"/>
  <testcase name="copyConstructorTest" classname="org.pircbotx.ConfigurationTest" time="0.001"/>
  <testcase name="copyConstructorTest" classname="org.pircbotx.ConfigurationTest" time="0.001"/>
  <testcase name="copyConstructorTest" classname="org.pircbotx.ConfigurationTest" time="0.001"/>
  <testcase name="copyConstructorTest" classname="org.pircbotx.ConfigurationTest" time="0.003"/>
  <testcase name="copyConstructorTest" classname="org.pircbotx.ConfigurationTest" time="0.032"/>
  <testcase name="copyConstructorTest" classname="org.pircbotx.ConfigurationTest" time="0.001"/>
  <testcase name="copyConstructorTest" classname="org.pircbotx.ConfigurationTest" time="0.001"/>
  <testcase name="copyConstructorTest" classname="org.pircbotx.ConfigurationTest" time="0.001"/>
  <testcase name="copyConstructorTest" classname="org.pircbotx.ConfigurationTest" time="0.021"/>
  <testcase name="copyConstructorTest" classname="org.pircbotx.ConfigurationTest" time="0.004"/>
  <testcase name="copyConstructorTest" classname="org.pircbotx.ConfigurationTest" time="0.009"/>
  <testcase name="copyConstructorTest" classname="org.pircbotx.ConfigurationTest" time="0"/>
  <testcase name="copyConstructorTest" classname="org.pircbotx.ConfigurationTest" time="0.001"/>
  <testcase name="copyConstructorTest" classname="org.pircbotx.ConfigurationTest" time="0.001"/>
  <testcase name="copyConstructorTest" classname="org.pircbotx.ConfigurationTest" time="0.013"/>
  <testcase name="copyConstructorTest" classname="org.pircbotx.ConfigurationTest" time="0.002"/>
  <testcase name="copyConstructorTest" classname="org.pircbotx.ConfigurationTest" time="0.001"/>
  <testcase name="copyConstructorTest" classname="org.pircbotx.ConfigurationTest" time="0.001"/>
  <testcase name="copyConstructorTest" classname="org.pircbotx.ConfigurationTest" time="0.012"/>
  <testcase name="copyConstructorTest" classname="org.pircbotx.ConfigurationTest" time="0.002"/>
  <testcase name="copyConstructorTest" classname="org.pircbotx.ConfigurationTest" time="0"/>
  <testcase name="copyConstructorTest" classname="org.pircbotx.ConfigurationTest" time="0.004"/>
  <testcase name="copyConstructorTest" classname="org.pircbotx.ConfigurationTest" time="0.042"/>
  <testcase name="copyConstructorTest" classname="org.pircbotx.ConfigurationTest" time="0.004"/>
  <testcase name="copyConstructorTest" classname="org.pircbotx.ConfigurationTest" time="0.001"/>
  <testcase name="copyConstructorTest" classname="org.pircbotx.ConfigurationTest" time="0.002"/>
  <testcase name="copyConstructorTest" classname="org.pircbotx.ConfigurationTest" time="0.002"/>
  <testcase name="copyConstructorTest" classname="org.pircbotx.ConfigurationTest" time="0.01"/>
  <testcase name="copyConstructorTest" classname="org.pircbotx.ConfigurationTest" time="0.004"/>
  <testcase name="copyConstructorTest" classname="org.pircbotx.ConfigurationTest" time="0.001"/>
  <testcase name="copyConstructorTest" classname="org.pircbotx.ConfigurationTest" time="0.006"/>
  <testcase name="onEventTest" classname="org.pircbotx.hooks.ListenerAdapterTest" time="0.16"/>
  <testcase name="onEventTest" classname="org.pircbotx.hooks.ListenerAdapterTest" time="0.029"/>
  <testcase name="onEventTest" classname="org.pircbotx.hooks.ListenerAdapterTest" time="0.014"/>
  <testcase name="onEventTest" classname="org.pircbotx.hooks.ListenerAdapterTest" time="0.007"/>
  <testcase name="onEventTest" classname="org.pircbotx.hooks.ListenerAdapterTest" time="0.02"/>
  <testcase name="onEventTest" classname="org.pircbotx.hooks.ListenerAdapterTest" time="0.025"/>
  <testcase name="onEventTest" classname="org.pircbotx.hooks.ListenerAdapterTest" time="0.041"/>
  <testcase name="onEventTest" classname="org.pircbotx.hooks.ListenerAdapterTest" time="0.028"/>
  <testcase name="onEventTest" classname="org.pircbotx.hooks.ListenerAdapterTest" time="0.003"/>
  <testcase name="onEventTest" classname="org.pircbotx.hooks.ListenerAdapterTest" time="0.003"/>
  <testcase name="onEventTest" classname="org.pircbotx.hooks.ListenerAdapterTest" time="0.015"/>
  <testcase name="onEventTest" classname="org.pircbotx.hooks.ListenerAdapterTest" time="0.013"/>
  <testcase name="onEventTest" classname="org.pircbotx.hooks.ListenerAdapterTest" time="0.001"/>
  <testcase name="onEventTest" classname="org.pircbotx.hooks.ListenerAdapterTest" time="0.012"/>
  <testcase name="onEventTest" classname="org.pircbotx.hooks.ListenerAdapterTest" time="0.01"/>
  <testcase name="onEventTest" classname="org.pircbotx.hooks.ListenerAdapterTest" time="0.009"/>
  <testcase name="onEventTest" classname="org.pircbotx.hooks.ListenerAdapterTest" time="0.012"/>
  <testcase name="onEventTest" classname="org.pircbotx.hooks.ListenerAdapterTest" time="0.024"/>
  <testcase name="onEventTest" classname="org.pircbotx.hooks.ListenerAdapterTest" time="0.017"/>
  <testcase name="onEventTest" classname="org.pircbotx.hooks.ListenerAdapterTest" time="0.014"/>
  <testcase name="onEventTest" classname="org.pircbotx.hooks.ListenerAdapterTest" time="0.036"/>
  <testcase name="onEventTest" classname="org.pircbotx.hooks.ListenerAdapterTest" time="0.014"/>
  <testcase name="onEventTest" classname="org.pircbotx.hooks.ListenerAdapterTest" time="0.011"/>
  <testcase name="onEventTest" classname="org.pircbotx.hooks.ListenerAdapterTest" time="0.004"/>
  <testcase name="onEventTest" classname="org.pircbotx.hooks.ListenerAdapterTest" time="0.012"/>
  <testcase name="onEventTest" classname="org.pircbotx.hooks.ListenerAdapterTest" time="0.011"/>
  <testcase name="onEventTest" classname="org.pircbotx.hooks.ListenerAdapterTest" time="0.011"/>
  <testcase name="onEventTest" classname="org.pircbotx.hooks.ListenerAdapterTest" time="0.005"/>
  <testcase name="onEventTest" classname="org.pircbotx.hooks.ListenerAdapterTest" time="0.006"/>
  <testcase name="onEventTest" classname="org.pircbotx.hooks.ListenerAdapterTest" time="0.013"/>
  <testcase name="onEventTest" classname="org.pircbotx.hooks.ListenerAdapterTest" time="0.023"/>
  <testcase name="onEventTest" classname="org.pircbotx.hooks.ListenerAdapterTest" time="0.009"/>
  <testcase name="onEventTest" classname="org.pircbotx.hooks.ListenerAdapterTest" time="0.01"/>
  <testcase name="onEventTest" classname="org.pircbotx.hooks.ListenerAdapterTest" time="0.014"/>
  <testcase name="onEventTest" classname="org.pircbotx.hooks.ListenerAdapterTest" time="0.026"/>
  <testcase name="onEventTest" classname="org.pircbotx.hooks.ListenerAdapterTest" time="0.018"/>
  <testcase name="onEventTest" classname="org.pircbotx.hooks.ListenerAdapterTest" time="0.019"/>
  <testcase name="onEventTest" classname="org.pircbotx.hooks.ListenerAdapterTest" time="0.011"/>
  <testcase name="onEventTest" classname="org.pircbotx.hooks.ListenerAdapterTest" time="0.003"/>
  <testcase name="onEventTest" classname="org.pircbotx.hooks.ListenerAdapterTest" time="0.012"/>
  <testcase name="onEventTest" classname="org.pircbotx.hooks.ListenerAdapterTest" time="0.009"/>
  <testcase name="onEventTest" classname="org.pircbotx.hooks.ListenerAdapterTest" time="0.012"/>
  <testcase name="onEventTest" classname="org.pircbotx.hooks.ListenerAdapterTest" time="0.009"/>
  <testcase name="onEventTest" classname="org.pircbotx.hooks.ListenerAdapterTest" time="0.007"/>
  <testcase name="onEventTest" classname="org.pircbotx.hooks.ListenerAdapterTest" time="0.009"/>
  <testcase name="onEventTest" classname="org.pircbotx.hooks.ListenerAdapterTest" time="0.008"/>
  <testcase name="onEventTest" classname="org.pircbotx.hooks.ListenerAdapterTest" time="0.002"/>
  <testcase name="onEventTest" classname="org.pircbotx.hooks.ListenerAdapterTest" time="0.018"/>
  <testcase name="onEventTest" classname="org.pircbotx.hooks.ListenerAdapterTest" time="0.007"/>
  <testcase name="onEventTest" classname="org.pircbotx.hooks.ListenerAdapterTest" time="0.008"/>
  <testcase name="onEventTest" classname="org.pircbotx.hooks.ListenerAdapterTest" time="0.003"/>
  <testcase name="onEventTest" classname="org.pircbotx.hooks.ListenerAdapterTest" time="0.002"/>
  <testcase name="onEventTest" classname="org.pircbotx.hooks.ListenerAdapterTest" time="0.008"/>
  <testcase name="onEventTest" classname="org.pircbotx.hooks.ListenerAdapterTest" time="0.008"/>
  <testcase name="onEventTest" classname="org.pircbotx.hooks.ListenerAdapterTest" time="0.007"/>
  <testcase name="onEventTest" classname="org.pircbotx.hooks.ListenerAdapterTest" time="0.007"/>
  <testcase name="throwsExceptionTest" classname="org.pircbotx.hooks.ListenerAdapterTest" time="0.005"/>
  <testcase name="throwsExceptionTest" classname="org.pircbotx.hooks.ListenerAdapterTest" time="0"/>
  <testcase name="throwsExceptionTest" classname="org.pircbotx.hooks.ListenerAdapterTest" time="0"/>
  <testcase name="throwsExceptionTest" classname="org.pircbotx.hooks.ListenerAdapterTest" time="0"/>
  <testcase name="throwsExceptionTest" classname="org.pircbotx.hooks.ListenerAdapterTest" time="0"/>
  <testcase name="throwsExceptionTest" classname="org.pircbotx.hooks.ListenerAdapterTest" time="0"/>
  <testcase name="throwsExceptionTest" classname="org.pircbotx.hooks.ListenerAdapterTest" time="0.001"/>
  <testcase name="throwsExceptionTest" classname="org.pircbotx.hooks.ListenerAdapterTest" time="0"/>
  <testcase name="throwsExceptionTest" classname="org.pircbotx.hooks.ListenerAdapterTest" time="0"/>
  <testcase name="throwsExceptionTest" classname="org.pircbotx.hooks.ListenerAdapterTest" time="0"/>
  <testcase name="throwsExceptionTest" classname="org.pircbotx.hooks.ListenerAdapterTest" time="0"/>
  <testcase name="throwsExceptionTest" classname="org.pircbotx.hooks.ListenerAdapterTest" time="0.001"/>
  <testcase name="throwsExceptionTest" classname="org.pircbotx.hooks.ListenerAdapterTest" time="0"/>
  <testcase name="throwsExceptionTest" classname="org.pircbotx.hooks.ListenerAdapterTest" time="0"/>
  <testcase name="throwsExceptionTest" classname="org.pircbotx.hooks.ListenerAdapterTest" time="0"/>
  <testcase name="throwsExceptionTest" classname="org.pircbotx.hooks.ListenerAdapterTest" time="0"/>
  <testcase name="throwsExceptionTest" classname="org.pircbotx.hooks.ListenerAdapterTest" time="0"/>
  <testcase name="throwsExceptionTest" classname="org.pircbotx.hooks.ListenerAdapterTest" time="0"/>
  <testcase name="throwsExceptionTest" classname="org.pircbotx.hooks.ListenerAdapterTest" time="0"/>
  <testcase name="throwsExceptionTest" classname="org.pircbotx.hooks.ListenerAdapterTest" time="0.001"/>
  <testcase name="throwsExceptionTest" classname="org.pircbotx.hooks.ListenerAdapterTest" time="0"/>
  <testcase name="throwsExceptionTest" classname="org.pircbotx.hooks.ListenerAdapterTest" time="0"/>
  <testcase name="throwsExceptionTest" classname="org.pircbotx.hooks.ListenerAdapterTest" time="0.001"/>
  <testcase name="throwsExceptionTest" classname="org.pircbotx.hooks.ListenerAdapterTest" time="0"/>
  <testcase name="throwsExceptionTest" classname="org.pircbotx.hooks.ListenerAdapterTest" time="0"/>
  <testcase name="throwsExceptionTest" classname="org.pircbotx.hooks.ListenerAdapterTest" time="0"/>
  <testcase name="throwsExceptionTest" classname="org.pircbotx.hooks.ListenerAdapterTest" time="0.001"/>
  <testcase name="throwsExceptionTest" classname="org.pircbotx.hooks.ListenerAdapterTest" time="0"/>
  <testcase name="throwsExceptionTest" classname="org.pircbotx.hooks.ListenerAdapterTest" time="0"/>
  <testcase name="throwsExceptionTest" classname="org.pircbotx.hooks.ListenerAdapterTest" time="0"/>
  <testcase name="throwsExceptionTest" classname="org.pircbotx.hooks.ListenerAdapterTest" time="0"/>
  <testcase name="throwsExceptionTest" classname="org.pircbotx.hooks.ListenerAdapterTest" time="0"/>
  <testcase name="throwsExceptionTest" classname="org.pircbotx.hooks.ListenerAdapterTest" time="0"/>
  <testcase name="throwsExceptionTest" classname="org.pircbotx.hooks.ListenerAdapterTest" time="0"/>
  <testcase name="throwsExceptionTest" classname="org.pircbotx.hooks.ListenerAdapterTest" time="0"/>
  <testcase name="throwsExceptionTest" classname="org.pircbotx.hooks.ListenerAdapterTest" time="0"/>
  <testcase name="throwsExceptionTest" classname="org.pircbotx.hooks.ListenerAdapterTest" time="0"/>
  <testcase name="throwsExceptionTest" classname="org.pircbotx.hooks.ListenerAdapterTest" time="0"/>
  <testcase name="throwsExceptionTest" classname="org.pircbotx.hooks.ListenerAdapterTest" time="0"/>
  <testcase name="throwsExceptionTest" classname="org.pircbotx.hooks.ListenerAdapterTest" time="0"/>
  <testcase name="throwsExceptionTest" classname="org.pircbotx.hooks.ListenerAdapterTest" time="0"/>
  <testcase name="throwsExceptionTest" classname="org.pircbotx.hooks.ListenerAdapterTest" time="0"/>
  <testcase name="throwsExceptionTest" classname="org.pircbotx.hooks.ListenerAdapterTest" time="0.001"/>
  <testcase name="throwsExceptionTest" classname="org.pircbotx.hooks.ListenerAdapterTest" time="0"/>
  <testcase name="throwsExceptionTest" classname="org.pircbotx.hooks.ListenerAdapterTest" time="0"/>
  <testcase name="throwsExceptionTest" classname="org.pircbotx.hooks.ListenerAdapterTest" time="0"/>
  <testcase name="throwsExceptionTest" classname="org.pircbotx.hooks.ListenerAdapterTest" time="0"/>
  <testcase name="throwsExceptionTest" classname="org.pircbotx.hooks.ListenerAdapterTest" time="0"/>
  <testcase name="throwsExceptionTest" classname="org.pircbotx.hooks.ListenerAdapterTest" time="0"/>
  <testcase name="throwsExceptionTest" classname="org.pircbotx.hooks.ListenerAdapterTest" time="0.001"/>
  <testcase name="throwsExceptionTest" classname="org.pircbotx.hooks.ListenerAdapterTest" time="0"/>
  <testcase name="throwsExceptionTest" classname="org.pircbotx.hooks.ListenerAdapterTest" time="0.006"/>
  <testcase name="throwsExceptionTest" classname="org.pircbotx.hooks.ListenerAdapterTest" time="0"/>
  <testcase name="throwsExceptionTest" classname="org.pircbotx.hooks.ListenerAdapterTest" time="0"/>
  <testcase name="throwsExceptionTest" classname="org.pircbotx.hooks.ListenerAdapterTest" time="0"/>
  <testcase name="throwsExceptionTest" classname="org.pircbotx.hooks.ListenerAdapterTest" time="0"/>
  <testcase name="throwsExceptionTest" classname="org.pircbotx.hooks.ListenerAdapterTest" time="0.001"/>
  <testcase name="throwsExceptionTest" classname="org.pircbotx.hooks.ListenerAdapterTest" time="0"/>
  <testcase name="throwsExceptionTest" classname="org.pircbotx.hooks.ListenerAdapterTest" time="0.001"/>
  <testcase name="throwsExceptionTest" classname="org.pircbotx.hooks.ListenerAdapterTest" time="0"/>
  <testcase name="throwsExceptionTest" classname="org.pircbotx.hooks.ListenerAdapterTest" time="0"/>
  <testcase name="throwsExceptionTest" classname="org.pircbotx.hooks.ListenerAdapterTest" time="0"/>
  <testcase name="throwsExceptionTest" classname="org.pircbotx.hooks.ListenerAdapterTest" time="0"/>
  <testcase name="throwsExceptionTest" classname="org.pircbotx.hooks.ListenerAdapterTest" time="0"/>
  <testcase name="throwsExceptionTest" classname="org.pircbotx.hooks.ListenerAdapterTest" time="0"/>
  <testcase name="tokenizeChannelMessageTest" classname="org.pircbotx.UtilsTest" time="0"/>
  <testcase name="tokenizeChannelMessageTest" classname="org.pircbotx.UtilsTest" time="0.001"/>
  <testcase name="tokenizePing" classname="org.pircbotx.UtilsTest" time="0"/>
  <testcase name="tokenizePing" classname="org.pircbotx.UtilsTest" time="0"/>
  <testcase name="sendInviteStringTest" classname="org.pircbotx.output.OutputTest" time="0.001"/>
  <testcase name="sendMessageUserInterfaceTest" classname="org.pircbotx.output.OutputTest" time="0.002"/>
  <testcase name="sendRawLineSplitShort" classname="org.pircbotx.output.OutputTest" time="0"/>
  <testcase name="sendMessageStringTest" classname="org.pircbotx.output.OutputTest" time="0.001"/>
  <testcase name="sendCTCPCommandStringTest" classname="org.pircbotx.output.OutputTest" time="0.001"/>
  <testcase name="sendMessageChannelInterfaceTest" classname="org.pircbotx.output.OutputTest" time="0.002"/>
  <testcase name="sendMessageChannelTest" classname="org.pircbotx.output.OutputTest" time="0"/>
  <testcase name="sendInviteUserChannelTest" classname="org.pircbotx.output.OutputTest" time="0"/>
  <testcase name="sendCTCPCommandUserTest" classname="org.pircbotx.output.OutputTest" time="0"/>
  <testcase name="sendMessageChannelUserTest" classname="org.pircbotx.output.OutputTest" time="0"/>
  <testcase name="sendActionUserInterfaceTest" classname="org.pircbotx.output.OutputTest" time="0"/>
  <testcase name="sendActionUserTest" classname="org.pircbotx.output.OutputTest" time="0.001"/>
  <testcase name="sendActionChannelInterfaceTest" classname="org.pircbotx.output.OutputTest" time="0.001"/>
  <testcase name="sendInviteChannelUserTest" classname="org.pircbotx.output.OutputTest" time="0.008"/>
  <testcase name="sendMessageUserTest" classname="org.pircbotx.output.OutputTest" time="0.001"/>
  <testcase name="sendRawLineTest" classname="org.pircbotx.output.OutputTest" time="0"/>
  <testcase name="sendInviteUserStringTest" classname="org.pircbotx.output.OutputTest" time="0.001"/>
  <testcase name="sendNoticeUserTest" classname="org.pircbotx.output.OutputTest" time="0"/>
  <testcase name="sendCTCPResponseUserTest" classname="org.pircbotx.output.OutputTest" time="0.001"/>
  <testcase name="sendActionChannelTest" classname="org.pircbotx.output.OutputTest" time="0"/>
  <testcase name="sendCTCPCommandChannelTest" classname="org.pircbotx.output.OutputTest" time="0"/>
  <testcase name="sendNoticeStringTest" classname="org.pircbotx.output.OutputTest" time="0"/>
  <testcase name="sendQuit" classname="org.pircbotx.output.OutputTest" time="0"/>
  <testcase name="sendNoticeUserInterfaceTest" classname="org.pircbotx.output.OutputTest" time="0.001"/>
  <testcase name="sendInviteChannelStringTest" classname="org.pircbotx.output.OutputTest" time="0"/>
  <testcase name="sendRawLineNowTest" classname="org.pircbotx.output.OutputTest" time="0"/>
  <testcase name="sendNoticeChannelInterfaceTest" classname="org.pircbotx.output.OutputTest" time="0"/>
  <testcase name="sendQuitMessage" classname="org.pircbotx.output.OutputTest" time="0.001"/>
  <testcase name="sendActionStringTest" classname="org.pircbotx.output.OutputTest" time="0.001"/>
  <testcase name="sendCTCPResponseStringTest" classname="org.pircbotx.output.OutputTest" time="0.001"/>
  <testcase name="sendInviteChannelChannelTest" classname="org.pircbotx.output.OutputTest" time="0"/>
  <testcase name="sendNoticeChannelTest" classname="org.pircbotx.output.OutputTest" time="0"/>
  <testcase name="actionTest" classname="org.pircbotx.InputParserTest" time="0"/>
  <testcase name="actionTest" classname="org.pircbotx.InputParserTest" time="0"/>
  <testcase name="awayNotifyMessageEmptyTest" classname="org.pircbotx.InputParserTest" time="0"/>
  <testcase name="awayNotifyMessageMissingTest" classname="org.pircbotx.InputParserTest" time="0"/>
  <testcase name="awayNotifyTest" classname="org.pircbotx.InputParserTest" time="0.001"/>
  <testcase name="awayTest" classname="org.pircbotx.InputParserTest" time="0"/>
  <testcase name="banExtbanListTest" classname="org.pircbotx.InputParserTest" time="0.003"/>
  <testcase name="banListTest" classname="org.pircbotx.InputParserTest" time="0.002"/>
  <testcase name="channelCreationDateFreenode" classname="org.pircbotx.InputParserTest" time="0.001"/>
  <testcase name="channelModeChangeTest" classname="org.pircbotx.InputParserTest" time="0.006"/>
  <testcase name="channelModeChangeTest" classname="org.pircbotx.InputParserTest" time="0.001"/>
  <testcase name="channelModeChangeTest" classname="org.pircbotx.InputParserTest" time="0.002"/>
  <testcase name="channelModeChangeTest" classname="org.pircbotx.InputParserTest" time="0.002"/>
  <testcase name="channelModeChangeTest" classname="org.pircbotx.InputParserTest" time="0.008"/>
  <testcase name="channelModeChangeTest" classname="org.pircbotx.InputParserTest" time="0.007"/>
  <testcase name="channelModeChangeTest" classname="org.pircbotx.InputParserTest" time="0.003"/>
  <testcase name="channelModeChangeTest" classname="org.pircbotx.InputParserTest" time="0.001"/>
  <testcase name="channelModeChangeTest" classname="org.pircbotx.InputParserTest" time="0.003"/>
  <testcase name="channelModeChangeTest" classname="org.pircbotx.InputParserTest" time="0.002"/>
  <testcase name="channelModeChangeTest" classname="org.pircbotx.InputParserTest" time="0.001"/>
  <testcase name="channelModeChangeTest" classname="org.pircbotx.InputParserTest" time="0.002"/>
  <testcase name="channelModeChangeTest" classname="org.pircbotx.InputParserTest" time="0.001"/>
  <testcase name="channelModeChangeTest" classname="org.pircbotx.InputParserTest" time="0.002"/>
  <testcase name="channelModeChangeTest" classname="org.pircbotx.InputParserTest" time="0.002"/>
  <testcase name="channelModeChangeTest" classname="org.pircbotx.InputParserTest" time="0.002"/>
  <testcase name="channelModeChangeTest" classname="org.pircbotx.InputParserTest" time="0.001"/>
  <testcase name="channelModeChangeTest" classname="org.pircbotx.InputParserTest" time="0.005"/>
  <testcase name="channelModeChangeTest" classname="org.pircbotx.InputParserTest" time="0.012"/>
  <testcase name="channelModeChangeTest" classname="org.pircbotx.InputParserTest" time="0.002"/>
  <testcase name="channelModeChangeTest" classname="org.pircbotx.InputParserTest" time="0"/>
  <testcase name="channelModeChangeTest" classname="org.pircbotx.InputParserTest" time="0.008"/>
  <testcase name="channelModeChangeTest" classname="org.pircbotx.InputParserTest" time="0"/>
  <testcase name="channelModeChangeTest" classname="org.pircbotx.InputParserTest" time="0"/>
  <testcase name="channelModeChangeTest" classname="org.pircbotx.InputParserTest" time="0"/>
  <testcase name="channelModeChangeTest" classname="org.pircbotx.InputParserTest" time="0"/>
  <testcase name="channelModeChangeTest" classname="org.pircbotx.InputParserTest" time="0"/>
  <testcase name="channelModeChangeTest" classname="org.pircbotx.InputParserTest" time="0"/>
  <testcase name="channelModeChangeTest" classname="org.pircbotx.InputParserTest" time="0.001"/>
  <testcase name="channelModeChangeTest" classname="org.pircbotx.InputParserTest" time="0"/>
  <testcase name="channelModeChangeTest" classname="org.pircbotx.InputParserTest" time="0"/>
  <testcase name="channelModeChangeTest" classname="org.pircbotx.InputParserTest" time="0"/>
  <testcase name="channelModeChangeTest" classname="org.pircbotx.InputParserTest" time="0"/>
  <testcase name="channelModeChangeTest" classname="org.pircbotx.InputParserTest" time="0.003"/>
  <testcase name="channelModeChangeTest" classname="org.pircbotx.InputParserTest" time="0.011"/>
  <testcase name="channelModeChangeTest" classname="org.pircbotx.InputParserTest" time="0.002"/>
  <testcase name="channelModeChangeTest" classname="org.pircbotx.InputParserTest" time="0"/>
  <testcase name="channelModeChangeTest" classname="org.pircbotx.InputParserTest" time="0"/>
  <testcase name="channelModeChangeTest" classname="org.pircbotx.InputParserTest" time="0.001"/>
  <testcase name="channelModeChangeTest" classname="org.pircbotx.InputParserTest" time="0.001"/>
  <testcase name="channelModeChangeTest" classname="org.pircbotx.InputParserTest" time="0.001"/>
  <testcase name="channelModeChangeTest" classname="org.pircbotx.InputParserTest" time="0.005"/>
  <testcase name="channelModeChangeTest" classname="org.pircbotx.InputParserTest" time="0.003"/>
  <testcase name="channelModeChangeTest" classname="org.pircbotx.InputParserTest" time="0"/>
  <testcase name="channelModeChangeTest" classname="org.pircbotx.InputParserTest" time="0"/>
  <testcase name="channelModeChangeTest" classname="org.pircbotx.InputParserTest" time="0.001"/>
  <testcase name="channelModeChangeTest" classname="org.pircbotx.InputParserTest" time="0"/>
  <testcase name="channelModeChangeTest" classname="org.pircbotx.InputParserTest" time="0"/>
  <testcase name="channelModeChangeTest" classname="org.pircbotx.InputParserTest" time="0"/>
  <testcase name="channelModeChangeTest" classname="org.pircbotx.InputParserTest" time="0"/>
  <testcase name="channelModeChangeTest" classname="org.pircbotx.InputParserTest" time="0"/>
  <testcase name="channelModeChangeTest" classname="org.pircbotx.InputParserTest" time="0"/>
  <testcase name="channelModeChangeTest" classname="org.pircbotx.InputParserTest" time="0.003"/>
  <testcase name="channelModeChangeTest" classname="org.pircbotx.InputParserTest" time="0"/>
  <testcase name="channelModeChangeTest" classname="org.pircbotx.InputParserTest" time="0"/>
  <testcase name="channelModeChangeTest" classname="org.pircbotx.InputParserTest" time="0"/>
  <testcase name="channelModeChangeTest" classname="org.pircbotx.InputParserTest" time="0"/>
  <testcase name="channelModeChangeTest" classname="org.pircbotx.InputParserTest" time="0.007"/>
  <testcase name="channelModeChangeTest" classname="org.pircbotx.InputParserTest" time="0.002"/>
  <testcase name="channelModeChangeTest" classname="org.pircbotx.InputParserTest" time="0.002"/>
  <testcase name="channelModeMessageTest" classname="org.pircbotx.InputParserTest" time="0.001"/>
  <testcase name="channelUserModeTest" classname="org.pircbotx.InputParserTest" time="0.005"/>
  <testcase name="channelUserModeTest" classname="org.pircbotx.InputParserTest" time="0"/>
  <testcase name="channelUserModeTest" classname="org.pircbotx.InputParserTest" time="0.003"/>
  <testcase name="channelUserModeTest" classname="org.pircbotx.InputParserTest" time="0"/>
  <testcase name="channelUserModeTest" classname="org.pircbotx.InputParserTest" time="0"/>
  <testcase name="channelUserModeTest" classname="org.pircbotx.InputParserTest" time="0"/>
  <testcase name="channelUserModeTest" classname="org.pircbotx.InputParserTest" time="0"/>
  <testcase name="channelUserModeTest" classname="org.pircbotx.InputParserTest" time="0.001"/>
  <testcase name="channelUserModeTest" classname="org.pircbotx.InputParserTest" time="0.002"/>
  <testcase name="channelUserModeTest" classname="org.pircbotx.InputParserTest" time="0.001"/>
  <testcase name="containsModeTest" classname="org.pircbotx.InputParserTest" time="0"/>
  <testcase name="fingerTest" classname="org.pircbotx.InputParserTest" time="0.001"/>
  <testcase name="fingerTest" classname="org.pircbotx.InputParserTest" time="0"/>
  <testcase name="insensitiveLookupTest" classname="org.pircbotx.InputParserTest" time="0"/>
  <testcase name="inviteTest" classname="org.pircbotx.InputParserTest" time="0"/>
  <testcase name="joinTest" classname="org.pircbotx.InputParserTest" time="0.001"/>
  <testcase name="listTest" classname="org.pircbotx.InputParserTest" time="0.002"/>
  <testcase name="messageTest" classname="org.pircbotx.InputParserTest" time="0"/>
  <testcase name="modeRecipientWithGlobHostmask" classname="org.pircbotx.InputParserTest" time="0.001"/>
  <testcase name="modeResponseTest" classname="org.pircbotx.InputParserTest" time="0.001"/>
  <testcase name="motdTest" classname="org.pircbotx.InputParserTest" time="0.004"/>
  <testcase name="namesTest" classname="org.pircbotx.InputParserTest" time="0.01"/>
  <testcase name="nickAlreadyInUseTest" classname="org.pircbotx.InputParserTest" time="0.002"/>
  <testcase name="nickChangeBotTest" classname="org.pircbotx.InputParserTest" time="0.004"/>
  <testcase name="nickChangeOtherTest" classname="org.pircbotx.InputParserTest" time="0.001"/>
  <testcase name="nickDifferentTest" classname="org.pircbotx.InputParserTest" time="0.001"/>
  <testcase name="nickDifferentTest" classname="org.pircbotx.InputParserTest" time="0.001"/>
  <testcase name="nickDifferentTest" classname="org.pircbotx.InputParserTest" time="0"/>
  <testcase name="nickDifferentTest" classname="org.pircbotx.InputParserTest" time="0"/>
  <testcase name="nickRenamePartTest" classname="org.pircbotx.InputParserTest" time="0.01"/>
  <testcase name="nickRenameQuitTest" classname="org.pircbotx.InputParserTest" time="0.001"/>
  <testcase name="nickRenameWithQuitTest" classname="org.pircbotx.InputParserTest" time="0.002"/>
  <testcase name="noticeTest" classname="org.pircbotx.InputParserTest" time="0"/>
  <testcase name="noticeTest" classname="org.pircbotx.InputParserTest" time="0"/>
  <testcase name="pingTest" classname="org.pircbotx.InputParserTest" time="0.001"/>
  <testcase name="pingTest" classname="org.pircbotx.InputParserTest" time="0"/>
  <testcase name="privateMessageTest" classname="org.pircbotx.InputParserTest" time="0.001"/>
  <testcase name="quitWithMessageTest" classname="org.pircbotx.InputParserTest" time="0.003"/>
  <testcase name="serverPingTest" classname="org.pircbotx.InputParserTest" time="0"/>
  <testcase name="setChannelLimitModeEvent" classname="org.pircbotx.InputParserTest" time="0"/>
  <testcase name="timeTest" classname="org.pircbotx.InputParserTest" time="0.001"/>
  <testcase name="timeTest" classname="org.pircbotx.InputParserTest" time="0.002"/>
  <testcase name="topicChangeTest" classname="org.pircbotx.InputParserTest" time="0.007"/>
  <testcase name="topicInfoFullHostmaskTest" classname="org.pircbotx.InputParserTest" time="0.001"/>
  <testcase name="topicInfoTest" classname="org.pircbotx.InputParserTest" time="0.001"/>
  <testcase name="topicResponseTest" classname="org.pircbotx.InputParserTest" time="0"/>
  <testcase name="userDataBotTest" classname="org.pircbotx.InputParserTest" time="0.001"/>
  <testcase name="userModeInitTest" classname="org.pircbotx.InputParserTest" time="0.001"/>
  <testcase name="userModeTest" classname="org.pircbotx.InputParserTest" time="0"/>
  <testcase name="versionTest" classname="org.pircbotx.InputParserTest" time="0"/>
  <testcase name="versionTest" classname="org.pircbotx.InputParserTest" time="0"/>
  <testcase name="whoTest" classname="org.pircbotx.InputParserTest" time="0.002"/>
  <testcase name="whoTestFalseChannels" classname="org.pircbotx.InputParserTest" time="0.001"/>
  <testcase name="whoisCaseInsensitiveTest" classname="org.pircbotx.InputParserTest" time="0"/>
  <testcase name="whoisInvalidUserTest" classname="org.pircbotx.InputParserTest" time="0.001"/>
  <testcase name="whoisNoChannelsTest" classname="org.pircbotx.InputParserTest" time="0"/>
  <testcase name="whoisRegistered307Test" classname="org.pircbotx.InputParserTest" time="0.001"/>
  <testcase name="whoisRegistered330NameTest" classname="org.pircbotx.InputParserTest" time="0"/>
  <testcase name="whoisRegistered330NoNameTest" classname="org.pircbotx.InputParserTest" time="0.001"/>
  <testcase name="whoisTest" classname="org.pircbotx.InputParserTest" time="0.002"/>
  <testcase name="singleConstructorTest" classname="org.pircbotx.hooks.events.MassEventTest" time="0"/>
  <testcase name="singleConstructorTest" classname="org.pircbotx.hooks.events.MassEventTest" time="0"/>
  <testcase name="singleConstructorTest" classname="org.pircbotx.hooks.events.MassEventTest" time="0"/>
  <testcase name="singleConstructorTest" classname="org.pircbotx.hooks.events.MassEventTest" time="0"/>
  <testcase name="singleConstructorTest" classname="org.pircbotx.hooks.events.MassEventTest" time="0"/>
  <testcase name="singleConstructorTest" classname="org.pircbotx.hooks.events.MassEventTest" time="0"/>
  <testcase name="singleConstructorTest" classname="org.pircbotx.hooks.events.MassEventTest" time="0"/>
  <testcase name="singleConstructorTest" classname="org.pircbotx.hooks.events.MassEventTest" time="0"/>
  <testcase name="singleConstructorTest" classname="org.pircbotx.hooks.events.MassEventTest" time="0.001"/>
  <testcase name="singleConstructorTest" classname="org.pircbotx.hooks.events.MassEventTest" time="0"/>
  <testcase name="singleConstructorTest" classname="org.pircbotx.hooks.events.MassEventTest" time="0"/>
  <testcase name="singleConstructorTest" classname="org.pircbotx.hooks.events.MassEventTest" time="0"/>
  <testcase name="singleConstructorTest" classname="org.pircbotx.hooks.events.MassEventTest" time="0"/>
  <testcase name="singleConstructorTest" classname="org.pircbotx.hooks.events.MassEventTest" time="0"/>
  <testcase name="singleConstructorTest" classname="org.pircbotx.hooks.events.MassEventTest" time="0"/>
  <testcase name="singleConstructorTest" classname="org.pircbotx.hooks.events.MassEventTest" time="0"/>
  <testcase name="singleConstructorTest" classname="org.pircbotx.hooks.events.MassEventTest" time="0"/>
  <testcase name="singleConstructorTest" classname="org.pircbotx.hooks.events.MassEventTest" time="0"/>
  <testcase name="singleConstructorTest" classname="org.pircbotx.hooks.events.MassEventTest" time="0"/>
  <testcase name="singleConstructorTest" classname="org.pircbotx.hooks.events.MassEventTest" time="0"/>
  <testcase name="singleConstructorTest" classname="org.pircbotx.hooks.events.MassEventTest" time="0"/>
  <testcase name="singleConstructorTest" classname="org.pircbotx.hooks.events.MassEventTest" time="0"/>
  <testcase name="singleConstructorTest" classname="org.pircbotx.hooks.events.MassEventTest" time="0"/>
  <testcase name="singleConstructorTest" classname="org.pircbotx.hooks.events.MassEventTest" time="0"/>
  <testcase name="singleConstructorTest" classname="org.pircbotx.hooks.events.MassEventTest" time="0"/>
  <testcase name="singleConstructorTest" classname="org.pircbotx.hooks.events.MassEventTest" time="0"/>
  <testcase name="singleConstructorTest" classname="org.pircbotx.hooks.events.MassEventTest" time="0"/>
  <testcase name="singleConstructorTest" classname="org.pircbotx.hooks.events.MassEventTest" time="0"/>
  <testcase name="singleConstructorTest" classname="org.pircbotx.hooks.events.MassEventTest" time="0"/>
  <testcase name="singleConstructorTest" classname="org.pircbotx.hooks.events.MassEventTest" time="0"/>
  <testcase name="singleConstructorTest" classname="org.pircbotx.hooks.events.MassEventTest" time="0"/>
  <testcase name="singleConstructorTest" classname="org.pircbotx.hooks.events.MassEventTest" time="0"/>
  <testcase name="singleConstructorTest" classname="org.pircbotx.hooks.events.MassEventTest" time="0"/>
  <testcase name="singleConstructorTest" classname="org.pircbotx.hooks.events.MassEventTest" time="0"/>
  <testcase name="singleConstructorTest" classname="org.pircbotx.hooks.events.MassEventTest" time="0"/>
  <testcase name="singleConstructorTest" classname="org.pircbotx.hooks.events.MassEventTest" time="0.001"/>
  <testcase name="singleConstructorTest" classname="org.pircbotx.hooks.events.MassEventTest" time="0"/>
  <testcase name="singleConstructorTest" classname="org.pircbotx.hooks.events.MassEventTest" time="0"/>
  <testcase name="singleConstructorTest" classname="org.pircbotx.hooks.events.MassEventTest" time="0"/>
  <testcase name="singleConstructorTest" classname="org.pircbotx.hooks.events.MassEventTest" time="0"/>
  <testcase name="singleConstructorTest" classname="org.pircbotx.hooks.events.MassEventTest" time="0"/>
  <testcase name="singleConstructorTest" classname="org.pircbotx.hooks.events.MassEventTest" time="0"/>
  <testcase name="singleConstructorTest" classname="org.pircbotx.hooks.events.MassEventTest" time="0"/>
  <testcase name="singleConstructorTest" classname="org.pircbotx.hooks.events.MassEventTest" time="0"/>
  <testcase name="singleConstructorTest" classname="org.pircbotx.hooks.events.MassEventTest" time="0"/>
  <testcase name="singleConstructorTest" classname="org.pircbotx.hooks.events.MassEventTest" time="0.001"/>
  <testcase name="singleConstructorTest" classname="org.pircbotx.hooks.events.MassEventTest" time="0"/>
  <testcase name="singleConstructorTest" classname="org.pircbotx.hooks.events.MassEventTest" time="0"/>
  <testcase name="singleConstructorTest" classname="org.pircbotx.hooks.events.MassEventTest" time="0"/>
  <testcase name="singleConstructorTest" classname="org.pircbotx.hooks.events.MassEventTest" time="0"/>
  <testcase name="singleConstructorTest" classname="org.pircbotx.hooks.events.MassEventTest" time="0"/>
  <testcase name="singleConstructorTest" classname="org.pircbotx.hooks.events.MassEventTest" time="0.016"/>
  <testcase name="singleConstructorTest" classname="org.pircbotx.hooks.events.MassEventTest" time="0"/>
  <testcase name="singleConstructorTest" classname="org.pircbotx.hooks.events.MassEventTest" time="0"/>
  <testcase name="singleConstructorTest" classname="org.pircbotx.hooks.events.MassEventTest" time="0"/>
  <testcase name="singleConstructorTest" classname="org.pircbotx.hooks.events.MassEventTest" time="0"/>
  <testcase name="connectNoCapTest" classname="org.pircbotx.PircBotXConnectTest" time="0"/>
  <testcase name="connectTest" classname="org.pircbotx.PircBotXConnectTest" time="0"/>
  <testcase name="channelExistsTest" classname="org.pircbotx.UserChannelDaoTest" time="0"/>
  <testcase name="getChannelInvalidTest" classname="org.pircbotx.UserChannelDaoTest" time="0"/>
  <testcase name="getChannelValidTest" classname="org.pircbotx.UserChannelDaoTest" time="0"/>
  <testcase name="getUserByHostmaskFull" classname="org.pircbotx.UserChannelDaoTest" time="0"/>
  <testcase name="getUserInvalidTest" classname="org.pircbotx.UserChannelDaoTest" time="0"/>
  <testcase name="getUserValidTest" classname="org.pircbotx.UserChannelDaoTest" time="0"/>
  <testcase name="userEqualsAndHashCodeTest" classname="org.pircbotx.UserChannelDaoTest" time="0"/>
  <testcase name="userExistsTest" classname="org.pircbotx.UserChannelDaoTest" time="0"/>
  <testcase name="userHostmaskEqualsAndHashCodeTest" classname="org.pircbotx.UserChannelDaoTest" time="0"/>
  <testcase name="lookupTableTest" classname="org.pircbotx.ColorsTest" time="0"/>
  <testcase name="kickTest" classname="org.pircbotx.InputParserTest" time="0"/>
  <testcase name="partWithMessageTest" classname="org.pircbotx.InputParserTest" time="0.016"/>
  <testcase name="quitWithoutMessageAndColonTest" classname="org.pircbotx.InputParserTest" time="0.001"/>
  <testcase name="quitWithoutMessageTest" classname="org.pircbotx.InputParserTest" time="0.001"/>
  <testcase name="removeChannelKeyEventEmptyTest" classname="org.pircbotx.InputParserTest" time="0.001"/>
  <testcase name="removeChannelKeyEventTest" classname="org.pircbotx.InputParserTest" time="0.001"/>
  <testcase name="removeChannelLimitEmptyEvent" classname="org.pircbotx.InputParserTest" time="0.001"/>
  <testcase name="removeChannelLimitEvent" classname="org.pircbotx.InputParserTest" time="0.001"/>
  <testcase name="setChannelKeyEventTest" classname="org.pircbotx.InputParserTest" time="0.001"/>
  <testcase name="setChannelKeyModeTest" classname="org.pircbotx.InputParserTest" time="0"/>
  <testcase name="setChannelLimitEvent" classname="org.pircbotx.InputParserTest" time="0.001"/>
  <testcase name="constructorParamToFieldTest" classname="org.pircbotx.hooks.events.MassEventTest" time="0"/>
  <testcase name="constructorParamToFieldTest" classname="org.pircbotx.hooks.events.MassEventTest" time="0"/>
  <testcase name="constructorParamToFieldTest" classname="org.pircbotx.hooks.events.MassEventTest" time="0"/>
  <testcase name="constructorParamToFieldTest" classname="org.pircbotx.hooks.events.MassEventTest" time="0"/>
  <testcase name="constructorParamToFieldTest" classname="org.pircbotx.hooks.events.MassEventTest" time="0.001"/>
  <testcase name="constructorParamToFieldTest" classname="org.pircbotx.hooks.events.MassEventTest" time="0"/>
  <testcase name="constructorParamToFieldTest" classname="org.pircbotx.hooks.events.MassEventTest" time="0"/>
  <testcase name="constructorParamToFieldTest" classname="org.pircbotx.hooks.events.MassEventTest" time="0"/>
  <testcase name="constructorParamToFieldTest" classname="org.pircbotx.hooks.events.MassEventTest" time="0"/>
  <testcase name="constructorParamToFieldTest" classname="org.pircbotx.hooks.events.MassEventTest" time="0.001"/>
  <testcase name="constructorParamToFieldTest" classname="org.pircbotx.hooks.events.MassEventTest" time="0"/>
  <testcase name="constructorParamToFieldTest" classname="org.pircbotx.hooks.events.MassEventTest" time="0"/>
  <testcase name="constructorParamToFieldTest" classname="org.pircbotx.hooks.events.MassEventTest" time="0"/>
  <testcase name="constructorParamToFieldTest" classname="org.pircbotx.hooks.events.MassEventTest" time="0"/>
  <testcase name="constructorParamToFieldTest" classname="org.pircbotx.hooks.events.MassEventTest" time="0.001"/>
  <testcase name="constructorParamToFieldTest" classname="org.pircbotx.hooks.events.MassEventTest" time="0.001"/>
  <testcase name="constructorParamToFieldTest" classname="org.pircbotx.hooks.events.MassEventTest" time="0"/>
  <testcase name="constructorParamToFieldTest" classname="org.pircbotx.hooks.events.MassEventTest" time="0.001"/>
  <testcase name="constructorParamToFieldTest" classname="org.pircbotx.hooks.events.MassEventTest" time="0"/>
  <testcase name="constructorParamToFieldTest" classname="org.pircbotx.hooks.events.MassEventTest" time="0"/>
  <testcase name="constructorParamToFieldTest" classname="org.pircbotx.hooks.events.MassEventTest" time="0"/>
  <testcase name="constructorParamToFieldTest" classname="org.pircbotx.hooks.events.MassEventTest" time="0"/>
  <testcase name="constructorParamToFieldTest" classname="org.pircbotx.hooks.events.MassEventTest" time="0.001"/>
  <testcase name="constructorParamToFieldTest" classname="org.pircbotx.hooks.events.MassEventTest" time="0"/>
  <testcase name="constructorParamToFieldTest" classname="org.pircbotx.hooks.events.MassEventTest" time="0"/>
  <testcase name="constructorParamToFieldTest" classname="org.pircbotx.hooks.events.MassEventTest" time="0"/>
  <testcase name="constructorParamToFieldTest" classname="org.pircbotx.hooks.events.MassEventTest" time="0"/>
  <testcase name="constructorParamToFieldTest" classname="org.pircbotx.hooks.events.MassEventTest" time="0"/>
  <testcase name="constructorParamToFieldTest" classname="org.pircbotx.hooks.events.MassEventTest" time="0"/>
  <testcase name="constructorParamToFieldTest" classname="org.pircbotx.hooks.events.MassEventTest" time="0"/>
  <testcase name="constructorParamToFieldTest" classname="org.pircbotx.hooks.events.MassEventTest" time="0.001"/>
  <testcase name="constructorParamToFieldTest" classname="org.pircbotx.hooks.events.MassEventTest" time="0"/>
  <testcase name="constructorParamToFieldTest" classname="org.pircbotx.hooks.events.MassEventTest" time="0"/>
  <testcase name="constructorParamToFieldTest" classname="org.pircbotx.hooks.events.MassEventTest" time="0"/>
  <testcase name="constructorParamToFieldTest" classname="org.pircbotx.hooks.events.MassEventTest" time="0"/>
  <testcase name="constructorParamToFieldTest" classname="org.pircbotx.hooks.events.MassEventTest" time="0.001"/>
  <testcase name="constructorParamToFieldTest" classname="org.pircbotx.hooks.events.MassEventTest" time="0.001"/>
  <testcase name="constructorParamToFieldTest" classname="org.pircbotx.hooks.events.MassEventTest" time="0"/>
  <testcase name="constructorParamToFieldTest" classname="org.pircbotx.hooks.events.MassEventTest" time="0"/>
  <testcase name="constructorParamToFieldTest" classname="org.pircbotx.hooks.events.MassEventTest" time="0"/>
  <testcase name="constructorParamToFieldTest" classname="org.pircbotx.hooks.events.MassEventTest" time="0.001"/>
  <testcase name="constructorParamToFieldTest" classname="org.pircbotx.hooks.events.MassEventTest" time="0"/>
  <testcase name="constructorParamToFieldTest" classname="org.pircbotx.hooks.events.MassEventTest" time="0"/>
  <testcase name="constructorParamToFieldTest" classname="org.pircbotx.hooks.events.MassEventTest" time="0"/>
  <testcase name="constructorParamToFieldTest" classname="org.pircbotx.hooks.events.MassEventTest" time="0"/>
  <testcase name="constructorParamToFieldTest" classname="org.pircbotx.hooks.events.MassEventTest" time="0"/>
  <testcase name="constructorParamToFieldTest" classname="org.pircbotx.hooks.events.MassEventTest" time="0"/>
  <testcase name="constructorParamToFieldTest" classname="org.pircbotx.hooks.events.MassEventTest" time="0"/>
  <testcase name="constructorParamToFieldTest" classname="org.pircbotx.hooks.events.MassEventTest" time="0.001"/>
  <testcase name="constructorParamToFieldTest" classname="org.pircbotx.hooks.events.MassEventTest" time="0"/>
  <testcase name="constructorParamToFieldTest" classname="org.pircbotx.hooks.events.MassEventTest" time="0"/>
  <testcase name="constructorParamToFieldTest" classname="org.pircbotx.hooks.events.MassEventTest" time="0.004"/>
  <testcase name="constructorParamToFieldTest" classname="org.pircbotx.hooks.events.MassEventTest" time="0.001"/>
  <testcase name="constructorParamToFieldTest" classname="org.pircbotx.hooks.events.MassEventTest" time="0"/>
  <testcase name="constructorParamToFieldTest" classname="org.pircbotx.hooks.events.MassEventTest" time="0"/>
  <testcase name="constructorParamToFieldTest" classname="org.pircbotx.hooks.events.MassEventTest" time="0"/>
  <testcase name="firstConstructorArgBotTest" classname="org.pircbotx.hooks.events.MassEventTest" time="0"/>
  <testcase name="firstConstructorArgBotTest" classname="org.pircbotx.hooks.events.MassEventTest" time="0.001"/>
  <testcase name="firstConstructorArgBotTest" classname="org.pircbotx.hooks.events.MassEventTest" time="0"/>
  <testcase name="firstConstructorArgBotTest" classname="org.pircbotx.hooks.events.MassEventTest" time="0"/>
  <testcase name="firstConstructorArgBotTest" classname="org.pircbotx.hooks.events.MassEventTest" time="0"/>
  <testcase name="firstConstructorArgBotTest" classname="org.pircbotx.hooks.events.MassEventTest" time="0"/>
  <testcase name="firstConstructorArgBotTest" classname="org.pircbotx.hooks.events.MassEventTest" time="0"/>
  <testcase name="firstConstructorArgBotTest" classname="org.pircbotx.hooks.events.MassEventTest" time="0"/>
  <testcase name="firstConstructorArgBotTest" classname="org.pircbotx.hooks.events.MassEventTest" time="0"/>
  <testcase name="firstConstructorArgBotTest" classname="org.pircbotx.hooks.events.MassEventTest" time="0.001"/>
  <testcase name="firstConstructorArgBotTest" classname="org.pircbotx.hooks.events.MassEventTest" time="0"/>
  <testcase name="firstConstructorArgBotTest" classname="org.pircbotx.hooks.events.MassEventTest" time="0"/>
  <testcase name="firstConstructorArgBotTest" classname="org.pircbotx.hooks.events.MassEventTest" time="0.001"/>
  <testcase name="firstConstructorArgBotTest" classname="org.pircbotx.hooks.events.MassEventTest" time="0"/>
  <testcase name="firstConstructorArgBotTest" classname="org.pircbotx.hooks.events.MassEventTest" time="0"/>
  <testcase name="firstConstructorArgBotTest" classname="org.pircbotx.hooks.events.MassEventTest" time="0"/>
  <testcase name="firstConstructorArgBotTest" classname="org.pircbotx.hooks.events.MassEventTest" time="0.001"/>
  <testcase name="firstConstructorArgBotTest" classname="org.pircbotx.hooks.events.MassEventTest" time="0"/>
  <testcase name="firstConstructorArgBotTest" classname="org.pircbotx.hooks.events.MassEventTest" time="0"/>
  <testcase name="firstConstructorArgBotTest" classname="org.pircbotx.hooks.events.MassEventTest" time="0.001"/>
  <testcase name="firstConstructorArgBotTest" classname="org.pircbotx.hooks.events.MassEventTest" time="0"/>
  <testcase name="firstConstructorArgBotTest" classname="org.pircbotx.hooks.events.MassEventTest" time="0"/>
  <testcase name="firstConstructorArgBotTest" classname="org.pircbotx.hooks.events.MassEventTest" time="0"/>
  <testcase name="firstConstructorArgBotTest" classname="org.pircbotx.hooks.events.MassEventTest" time="0"/>
  <testcase name="firstConstructorArgBotTest" classname="org.pircbotx.hooks.events.MassEventTest" time="0"/>
  <testcase name="firstConstructorArgBotTest" classname="org.pircbotx.hooks.events.MassEventTest" time="0"/>
  <testcase name="firstConstructorArgBotTest" classname="org.pircbotx.hooks.events.MassEventTest" time="0"/>
  <testcase name="firstConstructorArgBotTest" classname="org.pircbotx.hooks.events.MassEventTest" time="0"/>
  <testcase name="firstConstructorArgBotTest" classname="org.pircbotx.hooks.events.MassEventTest" time="0"/>
  <testcase name="firstConstructorArgBotTest" classname="org.pircbotx.hooks.events.MassEventTest" time="0"/>
  <testcase name="firstConstructorArgBotTest" classname="org.pircbotx.hooks.events.MassEventTest" time="0.001"/>
  <testcase name="firstConstructorArgBotTest" classname="org.pircbotx.hooks.events.MassEventTest" time="0"/>
  <testcase name="firstConstructorArgBotTest" classname="org.pircbotx.hooks.events.MassEventTest" time="0"/>
  <testcase name="firstConstructorArgBotTest" classname="org.pircbotx.hooks.events.MassEventTest" time="0.001"/>
  <testcase name="firstConstructorArgBotTest" classname="org.pircbotx.hooks.events.MassEventTest" time="0"/>
  <testcase name="firstConstructorArgBotTest" classname="org.pircbotx.hooks.events.MassEventTest" time="0"/>
  <testcase name="firstConstructorArgBotTest" classname="org.pircbotx.hooks.events.MassEventTest" time="0"/>
  <testcase name="firstConstructorArgBotTest" classname="org.pircbotx.hooks.events.MassEventTest" time="0"/>
  <testcase name="firstConstructorArgBotTest" classname="org.pircbotx.hooks.events.MassEventTest" time="0"/>
  <testcase name="firstConstructorArgBotTest" classname="org.pircbotx.hooks.events.MassEventTest" time="0"/>
  <testcase name="firstConstructorArgBotTest" classname="org.pircbotx.hooks.events.MassEventTest" time="0"/>
  <testcase name="firstConstructorArgBotTest" classname="org.pircbotx.hooks.events.MassEventTest" time="0.001"/>
  <testcase name="firstConstructorArgBotTest" classname="org.pircbotx.hooks.events.MassEventTest" time="0"/>
  <testcase name="firstConstructorArgBotTest" classname="org.pircbotx.hooks.events.MassEventTest" time="0"/>
  <testcase name="firstConstructorArgBotTest" classname="org.pircbotx.hooks.events.MassEventTest" time="0.001"/>
  <testcase name="firstConstructorArgBotTest" classname="org.pircbotx.hooks.events.MassEventTest" time="0"/>
  <testcase name="firstConstructorArgBotTest" classname="org.pircbotx.hooks.events.MassEventTest" time="0"/>
  <testcase name="firstConstructorArgBotTest" classname="org.pircbotx.hooks.events.MassEventTest" time="0"/>
  <testcase name="firstConstructorArgBotTest" classname="org.pircbotx.hooks.events.MassEventTest" time="0"/>
  <testcase name="firstConstructorArgBotTest" classname="org.pircbotx.hooks.events.MassEventTest" time="0"/>
  <testcase name="firstConstructorArgBotTest" classname="org.pircbotx.hooks.events.MassEventTest" time="0"/>
  <testcase name="firstConstructorArgBotTest" classname="org.pircbotx.hooks.events.MassEventTest" time="0"/>
  <testcase name="firstConstructorArgBotTest" classname="org.pircbotx.hooks.events.MassEventTest" time="0.001"/>
  <testcase name="firstConstructorArgBotTest" classname="org.pircbotx.hooks.events.MassEventTest" time="0"/>
  <testcase name="firstConstructorArgBotTest" classname="org.pircbotx.hooks.events.MassEventTest" time="0"/>
  <testcase name="firstConstructorArgBotTest" classname="org.pircbotx.hooks.events.MassEventTest" time="0.001"/>
  <testcase name="connectTestWithUnknownCap" classname="org.pircbotx.PircBotXConnectTest" time="0.002"/>
  <testcase name="connectWithDifferentPortTest" classname="org.pircbotx.PircBotXConnectTest" time="0"/>
  <testcase name="connectWithPasswordTest" classname="org.pircbotx.PircBotXConnectTest" time="0.001"/>
  <testcase name="partUs" classname="org.pircbotx.InputParserTest" time="0.001"/>
  <testcase name="partWithoutMessageAndColonTest" classname="org.pircbotx.InputParserTest" time="0.001"/>
  <testcase name="partWithoutMessageTest" classname="org.pircbotx.InputParserTest" time="0.001"/>
  <testcase name="eventDispatched" classname="org.pircbotx.hooks.TemporaryListenerTest" time="0.002"/>
  <testcase name="listenerGetsRemoved" classname="org.pircbotx.hooks.TemporaryListenerTest" time="0.001"/>
  <testcase name="nickservOtherNickTest" classname="org.pircbotx.NickservTest" time="0.001"/>
  <testcase name="nickservTest" classname="org.pircbotx.NickservTest" time="0.001"/>
  <testcase name="nickservCustomMessageTest" classname="org.pircbotx.NickservTest" time="0.001"/>
  <testcase name="IdentFailInvalidAddressTest" classname="org.pircbotx.IdentServerTest" time="0.016"/>
  <testcase name="IdentFailInvalidLocalPortTest" classname="org.pircbotx.IdentServerTest" time="0.001"/>
  <testcase name="IdentFailInvalidRemotePortTest" classname="org.pircbotx.IdentServerTest" time="0.001"/>
  <testcase name="IdentSuccessTest" classname="org.pircbotx.IdentServerTest" time="0.001"/>
  <testcase name="EnableTest" classname="org.pircbotx.CAPTest" time="0.003"/>
  <testcase name="SASLTest" classname="org.pircbotx.CAPTest" time="0.009"/>
  <testcase name="addressToIntegerTest" classname="org.pircbotx.dcc.DCCTest" time="0"/>
  <testcase name="addressToIntegerTest" classname="org.pircbotx.dcc.DCCTest" time="0.001"/>
  <testcase name="addressToIntegerTest" classname="org.pircbotx.dcc.DCCTest" time="0"/>
  <testcase name="addressToIntegerTest" classname="org.pircbotx.dcc.DCCTest" time="0.001"/>
  <testcase name="addressToIntegerTest" classname="org.pircbotx.dcc.DCCTest" time="0"/>
  <testcase name="addressToIntegerTest" classname="org.pircbotx.dcc.DCCTest" time="0.001"/>
  <testcase name="incommingDccChatTest" classname="org.pircbotx.dcc.DCCTest" time="0.001"/>
  <testcase name="integerToAddressTest" classname="org.pircbotx.dcc.DCCTest" time="0"/>
  <testcase name="integerToAddressTest" classname="org.pircbotx.dcc.DCCTest" time="0"/>
  <testcase name="integerToAddressTest" classname="org.pircbotx.dcc.DCCTest" time="0"/>
  <testcase name="integerToAddressTest" classname="org.pircbotx.dcc.DCCTest" time="0"/>
  <testcase name="integerToAddressTest" classname="org.pircbotx.dcc.DCCTest" time="0"/>
  <testcase name="integerToAddressTest" classname="org.pircbotx.dcc.DCCTest" time="0"/>
  <testcase name="sendChatEventNormalTest" classname="org.pircbotx.dcc.DCCTest" time="0"/>
  <testcase name="sendChatEventTokenTest" classname="org.pircbotx.dcc.DCCTest" time="0.001"/>
  <testcase name="sendFileEventNormalTest" classname="org.pircbotx.dcc.DCCTest" time="0.001"/>
  <testcase name="sendFileEventTokenTest" classname="org.pircbotx.dcc.DCCTest" time="0.001"/>
</testsuite>