<?xml version="1.0" encoding="UTF-8"?>
<!-- Generated by org.testng.reporters.JUnitReportReporter -->
<testsuite hostname="testing-worker-linux-docker-a13d8448-3196-linux-1" name="org.pircbotx.NickservTest" tests="3" failures="0" timestamp="12 Jul 2015 21:21:49 GMT" time="0.003" errors="0">
  <testcase name="nickservOtherNickTest" time="0.001" classname="org.pircbotx.NickservTest"/>
  <testcase name="nickservCustomMessageTest" time="0.001" classname="org.pircbotx.NickservTest"/>
  <testcase name="nickservTest" time="0.001" classname="org.pircbotx.NickservTest"/>
</testsuite> <!-- org.pircbotx.NickservTest -->
