<?xml version="1.0" encoding="UTF-8"?>
<!-- Generated by org.testng.reporters.JUnitReportReporter -->
<testsuite hostname="testing-worker-linux-docker-a13d8448-3196-linux-1" name="org.pircbotx.dcc.DCCTest" tests="17" failures="0" timestamp="12 Jul 2015 21:21:50 GMT" time="0.007" errors="0">
  <testcase name="integerToAddressTest" time="0.000" classname="org.pircbotx.dcc.DCCTest"/>
  <testcase name="addressToIntegerTest" time="0.000" classname="org.pircbotx.dcc.DCCTest"/>
  <testcase name="addressToIntegerTest" time="0.000" classname="org.pircbotx.dcc.DCCTest"/>
  <testcase name="sendFileEventNormalTest" time="0.001" classname="org.pircbotx.dcc.DCCTest"/>
  <testcase name="integerToAddressTest" time="0.000" classname="org.pircbotx.dcc.DCCTest"/>
  <testcase name="integerToAddressTest" time="0.001" classname="org.pircbotx.dcc.DCCTest"/>
  <testcase name="addressToIntegerTest" time="0.000" classname="org.pircbotx.dcc.DCCTest"/>
  <testcase name="sendChatEventTokenTest" time="0.001" classname="org.pircbotx.dcc.DCCTest"/>
  <testcase name="integerToAddressTest" time="0.000" classname="org.pircbotx.dcc.DCCTest"/>
  <testcase name="integerToAddressTest" time="0.000" classname="org.pircbotx.dcc.DCCTest"/>
  <testcase name="sendFileEventTokenTest" time="0.001" classname="org.pircbotx.dcc.DCCTest"/>
  <testcase name="addressToIntegerTest" time="0.000" classname="org.pircbotx.dcc.DCCTest"/>
  <testcase name="sendChatEventNormalTest" time="0.001" classname="org.pircbotx.dcc.DCCTest"/>
  <testcase name="addressToIntegerTest" time="0.000" classname="org.pircbotx.dcc.DCCTest"/>
  <testcase name="integerToAddressTest" time="0.000" classname="org.pircbotx.dcc.DCCTest"/>
  <testcase name="addressToIntegerTest" time="0.001" classname="org.pircbotx.dcc.DCCTest"/>
  <testcase name="incommingDccChatTest" time="0.001" classname="org.pircbotx.dcc.DCCTest"/>
</testsuite> <!-- org.pircbotx.dcc.DCCTest -->
