<?xml version="1.0" encoding="UTF-8"?>
<!-- Generated by org.testng.reporters.JUnitReportReporter -->
<testsuite hostname="testing-worker-linux-docker-a13d8448-3196-linux-1" name="org.pircbotx.UtilSSLSocketFactoryTest" tests="4" failures="0" timestamp="12 Jul 2015 21:21:49 GMT" time="0.327" errors="0">
  <testcase name="combineTestLegal" time="0.001" classname="org.pircbotx.UtilSSLSocketFactoryTest"/>
  <testcase name="delegatesAllMethods" time="0.018" classname="org.pircbotx.UtilSSLSocketFactoryTest"/>
  <testcase name="combineTestIllegal2" time="0.002" classname="org.pircbotx.UtilSSLSocketFactoryTest"/>
  <testcase name="combineTestIllegal1" time="0.306" classname="org.pircbotx.UtilSSLSocketFactoryTest"/>
</testsuite> <!-- org.pircbotx.UtilSSLSocketFactoryTest -->
