<?xml version="1.0" encoding="UTF-8"?>
<!-- Generated by org.testng.reporters.JUnitReportReporter -->
<testsuite hostname="testing-worker-linux-docker-a13d8448-3196-linux-1" name="org.pircbotx.ConfigurationTest" tests="139" failures="0" timestamp="12 Jul 2015 21:21:50 GMT" time="0.827" errors="0">
  <testcase name="copyConstructorTest" time="0.010" classname="org.pircbotx.ConfigurationTest"/>
  <testcase name="copyConstructorTest" time="0.002" classname="org.pircbotx.ConfigurationTest"/>
  <testcase name="copyConstructorTest" time="0.004" classname="org.pircbotx.ConfigurationTest"/>
  <testcase name="copyConstructorTest" time="0.006" classname="org.pircbotx.ConfigurationTest"/>
  <testcase name="copyConstructorTest" time="0.001" classname="org.pircbotx.ConfigurationTest"/>
  <testcase name="copyConstructorTest" time="0.001" classname="org.pircbotx.ConfigurationTest"/>
  <testcase name="copyConstructorTest" time="0.002" classname="org.pircbotx.ConfigurationTest"/>
  <testcase name="copyConstructorTest" time="0.005" classname="org.pircbotx.ConfigurationTest"/>
  <testcase name="copyConstructorTest" time="0.002" classname="org.pircbotx.ConfigurationTest"/>
  <testcase name="copyConstructorTest" time="0.001" classname="org.pircbotx.ConfigurationTest"/>
  <testcase name="copyConstructorTest" time="0.063" classname="org.pircbotx.ConfigurationTest"/>
  <testcase name="copyConstructorTest" time="0.002" classname="org.pircbotx.ConfigurationTest"/>
  <testcase name="copyConstructorTest" time="0.001" classname="org.pircbotx.ConfigurationTest"/>
  <testcase name="copyConstructorTest" time="0.001" classname="org.pircbotx.ConfigurationTest"/>
  <testcase name="copyConstructorTest" time="0.001" classname="org.pircbotx.ConfigurationTest"/>
  <testcase name="copyConstructorTest" time="0.001" classname="org.pircbotx.ConfigurationTest"/>
  <testcase name="copyConstructorTest" time="0.046" classname="org.pircbotx.ConfigurationTest"/>
  <testcase name="copyConstructorTest" time="0.001" classname="org.pircbotx.ConfigurationTest"/>
  <testcase name="copyConstructorTest" time="0.001" classname="org.pircbotx.ConfigurationTest"/>
  <testcase name="copyConstructorTest" time="0.001" classname="org.pircbotx.ConfigurationTest"/>
  <testcase name="copyConstructorTest" time="0.001" classname="org.pircbotx.ConfigurationTest"/>
  <testcase name="copyConstructorTest" time="0.003" classname="org.pircbotx.ConfigurationTest"/>
  <testcase name="copyConstructorTest" time="0.001" classname="org.pircbotx.ConfigurationTest"/>
  <testcase name="copyConstructorTest" time="0.001" classname="org.pircbotx.ConfigurationTest"/>
  <testcase name="copyConstructorTest" time="0.030" classname="org.pircbotx.ConfigurationTest"/>
  <testcase name="copyConstructorTest" time="0.004" classname="org.pircbotx.ConfigurationTest"/>
  <testcase name="copyConstructorTest" time="0.001" classname="org.pircbotx.ConfigurationTest"/>
  <testcase name="copyConstructorTest" time="0.021" classname="org.pircbotx.ConfigurationTest"/>
  <testcase name="copyConstructorTest" time="0.001" classname="org.pircbotx.ConfigurationTest"/>
  <testcase name="copyConstructorTest" time="0.001" classname="org.pircbotx.ConfigurationTest"/>
  <testcase name="copyConstructorTest" time="0.001" classname="org.pircbotx.ConfigurationTest"/>
  <testcase name="copyConstructorTest" time="0.001" classname="org.pircbotx.ConfigurationTest"/>
  <testcase name="copyConstructorTest" time="0.001" classname="org.pircbotx.ConfigurationTest"/>
  <testcase name="copyConstructorTest" time="0.001" classname="org.pircbotx.ConfigurationTest"/>
  <testcase name="copyConstructorTest" time="0.001" classname="org.pircbotx.ConfigurationTest"/>
  <testcase name="copyConstructorTest" time="0.001" classname="org.pircbotx.ConfigurationTest"/>
  <testcase name="copyConstructorTest" time="0.002" classname="org.pircbotx.ConfigurationTest"/>
  <testcase name="copyConstructorTest" time="0.002" classname="org.pircbotx.ConfigurationTest"/>
  <testcase name="copyConstructorTest" time="0.003" classname="org.pircbotx.ConfigurationTest"/>
  <testcase name="copyConstructorTest" time="0.001" classname="org.pircbotx.ConfigurationTest"/>
  <testcase name="copyConstructorTest" time="0.001" classname="org.pircbotx.ConfigurationTest"/>
  <testcase name="copyConstructorTest" time="0.003" classname="org.pircbotx.ConfigurationTest"/>
  <testcase name="copyConstructorTest" time="0.002" classname="org.pircbotx.ConfigurationTest"/>
  <testcase name="copyConstructorTest" time="0.001" classname="org.pircbotx.ConfigurationTest"/>
  <testcase name="copyConstructorTest" time="0.002" classname="org.pircbotx.ConfigurationTest"/>
  <testcase name="copyConstructorTest" time="0.002" classname="org.pircbotx.ConfigurationTest"/>
  <testcase name="copyConstructorTest" time="0.001" classname="org.pircbotx.ConfigurationTest"/>
  <testcase name="copyConstructorTest" time="0.002" classname="org.pircbotx.ConfigurationTest"/>
  <testcase name="copyConstructorTest" time="0.001" classname="org.pircbotx.ConfigurationTest"/>
  <testcase name="copyConstructorTest" time="0.001" classname="org.pircbotx.ConfigurationTest"/>
  <testcase name="copyConstructorTest" time="0.001" classname="org.pircbotx.ConfigurationTest"/>
  <testcase name="copyConstructorTest" time="0.001" classname="org.pircbotx.ConfigurationTest"/>
  <testcase name="copyConstructorTest" time="0.001" classname="org.pircbotx.ConfigurationTest"/>
  <testcase name="copyConstructorTest" time="0.001" classname="org.pircbotx.ConfigurationTest"/>
  <testcase name="copyConstructorTest" time="0.000" classname="org.pircbotx.ConfigurationTest"/>
  <testcase name="copyConstructorTest" time="0.003" classname="org.pircbotx.ConfigurationTest"/>
  <testcase name="copyConstructorTest" time="0.003" classname="org.pircbotx.ConfigurationTest"/>
  <testcase name="copyConstructorTest" time="0.002" classname="org.pircbotx.ConfigurationTest"/>
  <testcase name="copyConstructorTest" time="0.002" classname="org.pircbotx.ConfigurationTest"/>
  <testcase name="copyConstructorTest" time="0.001" classname="org.pircbotx.ConfigurationTest"/>
  <testcase name="copyConstructorTest" time="0.001" classname="org.pircbotx.ConfigurationTest"/>
  <testcase name="copyConstructorTest" time="0.001" classname="org.pircbotx.ConfigurationTest"/>
  <testcase name="copyConstructorTest" time="0.002" classname="org.pircbotx.ConfigurationTest"/>
  <testcase name="copyConstructorTest" time="0.002" classname="org.pircbotx.ConfigurationTest"/>
  <testcase name="copyConstructorTest" time="0.007" classname="org.pircbotx.ConfigurationTest"/>
  <testcase name="copyConstructorTest" time="0.001" classname="org.pircbotx.ConfigurationTest"/>
  <testcase name="copyConstructorTest" time="0.001" classname="org.pircbotx.ConfigurationTest"/>
  <testcase name="copyConstructorTest" time="0.001" classname="org.pircbotx.ConfigurationTest"/>
  <testcase name="copyConstructorTest" time="0.031" classname="org.pircbotx.ConfigurationTest"/>
  <testcase name="copyConstructorTest" time="0.001" classname="org.pircbotx.ConfigurationTest"/>
  <testcase name="copyConstructorTest" time="0.001" classname="org.pircbotx.ConfigurationTest"/>
  <testcase name="copyConstructorTest" time="0.001" classname="org.pircbotx.ConfigurationTest"/>
  <testcase name="copyConstructorTest" time="0.149" classname="org.pircbotx.ConfigurationTest"/>
  <testcase name="copyConstructorTest" time="0.001" classname="org.pircbotx.ConfigurationTest"/>
  <testcase name="copyConstructorTest" time="0.001" classname="org.pircbotx.ConfigurationTest"/>
  <testcase name="copyConstructorTest" time="0.002" classname="org.pircbotx.ConfigurationTest"/>
  <testcase name="copyConstructorTest" time="0.001" classname="org.pircbotx.ConfigurationTest"/>
  <testcase name="copyConstructorTest" time="0.006" classname="org.pircbotx.ConfigurationTest"/>
  <testcase name="copyConstructorTest" time="0.002" classname="org.pircbotx.ConfigurationTest"/>
  <testcase name="copyConstructorTest" time="0.002" classname="org.pircbotx.ConfigurationTest"/>
  <testcase name="copyConstructorTest" time="0.001" classname="org.pircbotx.ConfigurationTest"/>
  <testcase name="copyConstructorTest" time="0.002" classname="org.pircbotx.ConfigurationTest"/>
  <testcase name="copyConstructorTest" time="0.001" classname="org.pircbotx.ConfigurationTest"/>
  <testcase name="copyConstructorTest" time="0.001" classname="org.pircbotx.ConfigurationTest"/>
  <testcase name="copyConstructorTest" time="0.005" classname="org.pircbotx.ConfigurationTest"/>
  <testcase name="copyConstructorTest" time="0.001" classname="org.pircbotx.ConfigurationTest"/>
  <testcase name="copyConstructorTest" time="0.000" classname="org.pircbotx.ConfigurationTest"/>
  <testcase name="copyConstructorTest" time="0.002" classname="org.pircbotx.ConfigurationTest"/>
  <testcase name="copyConstructorTest" time="0.044" classname="org.pircbotx.ConfigurationTest"/>
  <testcase name="copyConstructorTest" time="0.020" classname="org.pircbotx.ConfigurationTest"/>
  <testcase name="copyConstructorTest" time="0.001" classname="org.pircbotx.ConfigurationTest"/>
  <testcase name="copyConstructorTest" time="0.003" classname="org.pircbotx.ConfigurationTest"/>
  <testcase name="copyConstructorTest" time="0.002" classname="org.pircbotx.ConfigurationTest"/>
  <testcase name="copyConstructorTest" time="0.001" classname="org.pircbotx.ConfigurationTest"/>
  <testcase name="copyConstructorTest" time="0.001" classname="org.pircbotx.ConfigurationTest"/>
  <testcase name="copyConstructorTest" time="0.001" classname="org.pircbotx.ConfigurationTest"/>
  <testcase name="copyConstructorTest" time="0.001" classname="org.pircbotx.ConfigurationTest"/>
  <testcase name="copyConstructorTest" time="0.004" classname="org.pircbotx.ConfigurationTest"/>
  <testcase name="copyConstructorTest" time="0.000" classname="org.pircbotx.ConfigurationTest"/>
  <testcase name="copyConstructorTest" time="0.001" classname="org.pircbotx.ConfigurationTest"/>
  <testcase name="copyConstructorTest" time="0.001" classname="org.pircbotx.ConfigurationTest"/>
  <testcase name="copyConstructorTest" time="0.001" classname="org.pircbotx.ConfigurationTest"/>
  <testcase name="copyConstructorTest" time="0.001" classname="org.pircbotx.ConfigurationTest"/>
  <testcase name="copyConstructorTest" time="0.001" classname="org.pircbotx.ConfigurationTest"/>
  <testcase name="copyConstructorTest" time="0.001" classname="org.pircbotx.ConfigurationTest"/>
  <testcase name="copyConstructorTest" time="0.001" classname="org.pircbotx.ConfigurationTest"/>
  <testcase name="copyConstructorTest" time="0.002" classname="org.pircbotx.ConfigurationTest"/>
  <testcase name="copyConstructorTest" time="0.001" classname="org.pircbotx.ConfigurationTest"/>
  <testcase name="copyConstructorTest" time="0.009" classname="org.pircbotx.ConfigurationTest"/>
  <testcase name="copyConstructorTest" time="0.001" classname="org.pircbotx.ConfigurationTest"/>
  <testcase name="copyConstructorTest" time="0.003" classname="org.pircbotx.ConfigurationTest"/>
  <testcase name="copyConstructorTest" time="0.042" classname="org.pircbotx.ConfigurationTest"/>
  <testcase name="copyConstructorTest" time="0.007" classname="org.pircbotx.ConfigurationTest"/>
  <testcase name="copyConstructorTest" time="0.001" classname="org.pircbotx.ConfigurationTest"/>
  <testcase name="copyConstructorTest" time="0.002" classname="org.pircbotx.ConfigurationTest"/>
  <testcase name="copyConstructorTest" time="0.002" classname="org.pircbotx.ConfigurationTest"/>
  <testcase name="copyConstructorTest" time="0.001" classname="org.pircbotx.ConfigurationTest"/>
  <testcase name="copyConstructorTest" time="0.002" classname="org.pircbotx.ConfigurationTest"/>
  <testcase name="copyConstructorTest" time="0.001" classname="org.pircbotx.ConfigurationTest"/>
  <testcase name="copyConstructorTest" time="0.001" classname="org.pircbotx.ConfigurationTest"/>
  <testcase name="copyConstructorTest" time="0.001" classname="org.pircbotx.ConfigurationTest"/>
  <testcase name="copyConstructorTest" time="0.010" classname="org.pircbotx.ConfigurationTest"/>
  <testcase name="copyConstructorTest" time="0.003" classname="org.pircbotx.ConfigurationTest"/>
  <testcase name="copyConstructorTest" time="0.004" classname="org.pircbotx.ConfigurationTest"/>
  <testcase name="copyConstructorTest" time="0.001" classname="org.pircbotx.ConfigurationTest"/>
  <testcase name="copyConstructorTest" time="0.001" classname="org.pircbotx.ConfigurationTest"/>
  <testcase name="copyConstructorTest" time="0.003" classname="org.pircbotx.ConfigurationTest"/>
  <testcase name="copyConstructorTest" time="0.001" classname="org.pircbotx.ConfigurationTest"/>
  <testcase name="copyConstructorTest" time="0.002" classname="org.pircbotx.ConfigurationTest"/>
  <testcase name="copyConstructorTest" time="0.004" classname="org.pircbotx.ConfigurationTest"/>
  <testcase name="copyConstructorTest" time="0.001" classname="org.pircbotx.ConfigurationTest"/>
  <testcase name="containSameFieldsTest" time="0.137" classname="org.pircbotx.ConfigurationTest"/>
  <testcase name="copyConstructorTest" time="0.000" classname="org.pircbotx.ConfigurationTest"/>
  <testcase name="copyConstructorTest" time="0.003" classname="org.pircbotx.ConfigurationTest"/>
  <testcase name="copyConstructorTest" time="0.001" classname="org.pircbotx.ConfigurationTest"/>
  <testcase name="copyConstructorTest" time="0.000" classname="org.pircbotx.ConfigurationTest"/>
  <testcase name="copyConstructorTest" time="0.001" classname="org.pircbotx.ConfigurationTest"/>
  <testcase name="copyConstructorTest" time="0.001" classname="org.pircbotx.ConfigurationTest"/>
  <testcase name="copyConstructorTest" time="0.005" classname="org.pircbotx.ConfigurationTest"/>
</testsuite> <!-- org.pircbotx.ConfigurationTest -->
