<?xml version="1.0" encoding="UTF-8"?>
<!-- Generated by org.testng.reporters.JUnitReportReporter -->
<testsuite hostname="testing-worker-linux-docker-a13d8448-3196-linux-1" name="org.pircbotx.IdentServerTest" tests="4" failures="0" timestamp="12 Jul 2015 21:21:50 GMT" time="0.030" errors="0">
  <testcase name="IdentFailInvalidLocalPortTest" time="0.001" classname="org.pircbotx.IdentServerTest"/>
  <testcase name="IdentSuccessTest" time="0.003" classname="org.pircbotx.IdentServerTest"/>
  <testcase name="IdentFailInvalidRemotePortTest" time="0.010" classname="org.pircbotx.IdentServerTest"/>
  <testcase name="IdentFailInvalidAddressTest" time="0.016" classname="org.pircbotx.IdentServerTest"/>
</testsuite> <!-- org.pircbotx.IdentServerTest -->
