<?xml version="1.0" encoding="UTF-8"?>
<!-- Generated by org.testng.reporters.JUnitReportReporter -->
<testsuite hostname="testing-worker-linux-docker-a13d8448-3196-linux-1" name="org.pircbotx.CAPTest" tests="2" failures="0" timestamp="12 Jul 2015 21:21:50 GMT" time="0.013" errors="0">
  <testcase name="SASLTest" time="0.009" classname="org.pircbotx.CAPTest"/>
  <testcase name="EnableTest" time="0.004" classname="org.pircbotx.CAPTest"/>
</testsuite> <!-- org.pircbotx.CAPTest -->
