<?xml version="1.0" encoding="UTF-8"?>
<!-- Generated by org.testng.reporters.JUnitReportReporter -->
<testsuite hostname="testing-worker-linux-docker-a13d8448-3196-linux-1" name="org.pircbotx.hooks.events.MassEventTest" tests="168" failures="0" timestamp="12 Jul 2015 21:21:49 GMT" time="0.035" errors="0">
  <testcase name="constructorParamToFieldTest" time="0.000" classname="org.pircbotx.hooks.events.MassEventTest"/>
  <testcase name="singleConstructorTest" time="0.000" classname="org.pircbotx.hooks.events.MassEventTest"/>
  <testcase name="constructorParamToFieldTest" time="0.000" classname="org.pircbotx.hooks.events.MassEventTest"/>
  <testcase name="firstConstructorArgBotTest" time="0.000" classname="org.pircbotx.hooks.events.MassEventTest"/>
  <testcase name="singleConstructorTest" time="0.000" classname="org.pircbotx.hooks.events.MassEventTest"/>
  <testcase name="constructorParamToFieldTest" time="0.000" classname="org.pircbotx.hooks.events.MassEventTest"/>
  <testcase name="constructorParamToFieldTest" time="0.000" classname="org.pircbotx.hooks.events.MassEventTest"/>
  <testcase name="firstConstructorArgBotTest" time="0.000" classname="org.pircbotx.hooks.events.MassEventTest"/>
  <testcase name="firstConstructorArgBotTest" time="0.000" classname="org.pircbotx.hooks.events.MassEventTest"/>
  <testcase name="firstConstructorArgBotTest" time="0.000" classname="org.pircbotx.hooks.events.MassEventTest"/>
  <testcase name="singleConstructorTest" time="0.000" classname="org.pircbotx.hooks.events.MassEventTest"/>
  <testcase name="constructorParamToFieldTest" time="0.000" classname="org.pircbotx.hooks.events.MassEventTest"/>
  <testcase name="constructorParamToFieldTest" time="0.000" classname="org.pircbotx.hooks.events.MassEventTest"/>
  <testcase name="constructorParamToFieldTest" time="0.000" classname="org.pircbotx.hooks.events.MassEventTest"/>
  <testcase name="firstConstructorArgBotTest" time="0.000" classname="org.pircbotx.hooks.events.MassEventTest"/>
  <testcase name="singleConstructorTest" time="0.000" classname="org.pircbotx.hooks.events.MassEventTest"/>
  <testcase name="firstConstructorArgBotTest" time="0.000" classname="org.pircbotx.hooks.events.MassEventTest"/>
  <testcase name="singleConstructorTest" time="0.000" classname="org.pircbotx.hooks.events.MassEventTest"/>
  <testcase name="singleConstructorTest" time="0.001" classname="org.pircbotx.hooks.events.MassEventTest"/>
  <testcase name="constructorParamToFieldTest" time="0.000" classname="org.pircbotx.hooks.events.MassEventTest"/>
  <testcase name="singleConstructorTest" time="0.000" classname="org.pircbotx.hooks.events.MassEventTest"/>
  <testcase name="singleConstructorTest" time="0.001" classname="org.pircbotx.hooks.events.MassEventTest"/>
  <testcase name="singleConstructorTest" time="0.000" classname="org.pircbotx.hooks.events.MassEventTest"/>
  <testcase name="singleConstructorTest" time="0.000" classname="org.pircbotx.hooks.events.MassEventTest"/>
  <testcase name="singleConstructorTest" time="0.000" classname="org.pircbotx.hooks.events.MassEventTest"/>
  <testcase name="constructorParamToFieldTest" time="0.000" classname="org.pircbotx.hooks.events.MassEventTest"/>
  <testcase name="constructorParamToFieldTest" time="0.000" classname="org.pircbotx.hooks.events.MassEventTest"/>
  <testcase name="constructorParamToFieldTest" time="0.001" classname="org.pircbotx.hooks.events.MassEventTest"/>
  <testcase name="firstConstructorArgBotTest" time="0.000" classname="org.pircbotx.hooks.events.MassEventTest"/>
  <testcase name="firstConstructorArgBotTest" time="0.000" classname="org.pircbotx.hooks.events.MassEventTest"/>
  <testcase name="firstConstructorArgBotTest" time="0.000" classname="org.pircbotx.hooks.events.MassEventTest"/>
  <testcase name="firstConstructorArgBotTest" time="0.000" classname="org.pircbotx.hooks.events.MassEventTest"/>
  <testcase name="singleConstructorTest" time="0.000" classname="org.pircbotx.hooks.events.MassEventTest"/>
  <testcase name="firstConstructorArgBotTest" time="0.001" classname="org.pircbotx.hooks.events.MassEventTest"/>
  <testcase name="singleConstructorTest" time="0.000" classname="org.pircbotx.hooks.events.MassEventTest"/>
  <testcase name="singleConstructorTest" time="0.000" classname="org.pircbotx.hooks.events.MassEventTest"/>
  <testcase name="firstConstructorArgBotTest" time="0.000" classname="org.pircbotx.hooks.events.MassEventTest"/>
  <testcase name="firstConstructorArgBotTest" time="0.000" classname="org.pircbotx.hooks.events.MassEventTest"/>
  <testcase name="firstConstructorArgBotTest" time="0.001" classname="org.pircbotx.hooks.events.MassEventTest"/>
  <testcase name="singleConstructorTest" time="0.000" classname="org.pircbotx.hooks.events.MassEventTest"/>
  <testcase name="constructorParamToFieldTest" time="0.000" classname="org.pircbotx.hooks.events.MassEventTest"/>
  <testcase name="singleConstructorTest" time="0.000" classname="org.pircbotx.hooks.events.MassEventTest"/>
  <testcase name="singleConstructorTest" time="0.000" classname="org.pircbotx.hooks.events.MassEventTest"/>
  <testcase name="firstConstructorArgBotTest" time="0.001" classname="org.pircbotx.hooks.events.MassEventTest"/>
  <testcase name="firstConstructorArgBotTest" time="0.001" classname="org.pircbotx.hooks.events.MassEventTest"/>
  <testcase name="constructorParamToFieldTest" time="0.001" classname="org.pircbotx.hooks.events.MassEventTest"/>
  <testcase name="constructorParamToFieldTest" time="0.000" classname="org.pircbotx.hooks.events.MassEventTest"/>
  <testcase name="singleConstructorTest" time="0.000" classname="org.pircbotx.hooks.events.MassEventTest"/>
  <testcase name="singleConstructorTest" time="0.000" classname="org.pircbotx.hooks.events.MassEventTest"/>
  <testcase name="firstConstructorArgBotTest" time="0.000" classname="org.pircbotx.hooks.events.MassEventTest"/>
  <testcase name="constructorParamToFieldTest" time="0.000" classname="org.pircbotx.hooks.events.MassEventTest"/>
  <testcase name="constructorParamToFieldTest" time="0.000" classname="org.pircbotx.hooks.events.MassEventTest"/>
  <testcase name="constructorParamToFieldTest" time="0.000" classname="org.pircbotx.hooks.events.MassEventTest"/>
  <testcase name="constructorParamToFieldTest" time="0.001" classname="org.pircbotx.hooks.events.MassEventTest"/>
  <testcase name="singleConstructorTest" time="0.000" classname="org.pircbotx.hooks.events.MassEventTest"/>
  <testcase name="constructorParamToFieldTest" time="0.003" classname="org.pircbotx.hooks.events.MassEventTest"/>
  <testcase name="constructorParamToFieldTest" time="0.000" classname="org.pircbotx.hooks.events.MassEventTest"/>
  <testcase name="singleConstructorTest" time="0.000" classname="org.pircbotx.hooks.events.MassEventTest"/>
  <testcase name="constructorParamToFieldTest" time="0.001" classname="org.pircbotx.hooks.events.MassEventTest"/>
  <testcase name="singleConstructorTest" time="0.000" classname="org.pircbotx.hooks.events.MassEventTest"/>
  <testcase name="singleConstructorTest" time="0.000" classname="org.pircbotx.hooks.events.MassEventTest"/>
  <testcase name="constructorParamToFieldTest" time="0.001" classname="org.pircbotx.hooks.events.MassEventTest"/>
  <testcase name="constructorParamToFieldTest" time="0.000" classname="org.pircbotx.hooks.events.MassEventTest"/>
  <testcase name="constructorParamToFieldTest" time="0.000" classname="org.pircbotx.hooks.events.MassEventTest"/>
  <testcase name="constructorParamToFieldTest" time="0.000" classname="org.pircbotx.hooks.events.MassEventTest"/>
  <testcase name="firstConstructorArgBotTest" time="0.000" classname="org.pircbotx.hooks.events.MassEventTest"/>
  <testcase name="singleConstructorTest" time="0.000" classname="org.pircbotx.hooks.events.MassEventTest"/>
  <testcase name="firstConstructorArgBotTest" time="0.000" classname="org.pircbotx.hooks.events.MassEventTest"/>
  <testcase name="singleConstructorTest" time="0.000" classname="org.pircbotx.hooks.events.MassEventTest"/>
  <testcase name="constructorParamToFieldTest" time="0.000" classname="org.pircbotx.hooks.events.MassEventTest"/>
  <testcase name="firstConstructorArgBotTest" time="0.000" classname="org.pircbotx.hooks.events.MassEventTest"/>
  <testcase name="singleConstructorTest" time="0.000" classname="org.pircbotx.hooks.events.MassEventTest"/>
  <testcase name="singleConstructorTest" time="0.000" classname="org.pircbotx.hooks.events.MassEventTest"/>
  <testcase name="firstConstructorArgBotTest" time="0.001" classname="org.pircbotx.hooks.events.MassEventTest"/>
  <testcase name="constructorParamToFieldTest" time="0.001" classname="org.pircbotx.hooks.events.MassEventTest"/>
  <testcase name="firstConstructorArgBotTest" time="0.001" classname="org.pircbotx.hooks.events.MassEventTest"/>
  <testcase name="singleConstructorTest" time="0.001" classname="org.pircbotx.hooks.events.MassEventTest"/>
  <testcase name="singleConstructorTest" time="0.000" classname="org.pircbotx.hooks.events.MassEventTest"/>
  <testcase name="singleConstructorTest" time="0.000" classname="org.pircbotx.hooks.events.MassEventTest"/>
  <testcase name="singleConstructorTest" time="0.000" classname="org.pircbotx.hooks.events.MassEventTest"/>
  <testcase name="singleConstructorTest" time="0.000" classname="org.pircbotx.hooks.events.MassEventTest"/>
  <testcase name="constructorParamToFieldTest" time="0.000" classname="org.pircbotx.hooks.events.MassEventTest"/>
  <testcase name="firstConstructorArgBotTest" time="0.000" classname="org.pircbotx.hooks.events.MassEventTest"/>
  <testcase name="constructorParamToFieldTest" time="0.000" classname="org.pircbotx.hooks.events.MassEventTest"/>
  <testcase name="firstConstructorArgBotTest" time="0.000" classname="org.pircbotx.hooks.events.MassEventTest"/>
  <testcase name="firstConstructorArgBotTest" time="0.000" classname="org.pircbotx.hooks.events.MassEventTest"/>
  <testcase name="firstConstructorArgBotTest" time="0.000" classname="org.pircbotx.hooks.events.MassEventTest"/>
  <testcase name="constructorParamToFieldTest" time="0.000" classname="org.pircbotx.hooks.events.MassEventTest"/>
  <testcase name="firstConstructorArgBotTest" time="0.001" classname="org.pircbotx.hooks.events.MassEventTest"/>
  <testcase name="singleConstructorTest" time="0.000" classname="org.pircbotx.hooks.events.MassEventTest"/>
  <testcase name="singleConstructorTest" time="0.000" classname="org.pircbotx.hooks.events.MassEventTest"/>
  <testcase name="singleConstructorTest" time="0.000" classname="org.pircbotx.hooks.events.MassEventTest"/>
  <testcase name="firstConstructorArgBotTest" time="0.001" classname="org.pircbotx.hooks.events.MassEventTest"/>
  <testcase name="constructorParamToFieldTest" time="0.000" classname="org.pircbotx.hooks.events.MassEventTest"/>
  <testcase name="singleConstructorTest" time="0.000" classname="org.pircbotx.hooks.events.MassEventTest"/>
  <testcase name="firstConstructorArgBotTest" time="0.001" classname="org.pircbotx.hooks.events.MassEventTest"/>
  <testcase name="singleConstructorTest" time="0.000" classname="org.pircbotx.hooks.events.MassEventTest"/>
  <testcase name="firstConstructorArgBotTest" time="0.000" classname="org.pircbotx.hooks.events.MassEventTest"/>
  <testcase name="singleConstructorTest" time="0.000" classname="org.pircbotx.hooks.events.MassEventTest"/>
  <testcase name="firstConstructorArgBotTest" time="0.000" classname="org.pircbotx.hooks.events.MassEventTest"/>
  <testcase name="singleConstructorTest" time="0.000" classname="org.pircbotx.hooks.events.MassEventTest"/>
  <testcase name="singleConstructorTest" time="0.000" classname="org.pircbotx.hooks.events.MassEventTest"/>
  <testcase name="firstConstructorArgBotTest" time="0.000" classname="org.pircbotx.hooks.events.MassEventTest"/>
  <testcase name="singleConstructorTest" time="0.000" classname="org.pircbotx.hooks.events.MassEventTest"/>
  <testcase name="constructorParamToFieldTest" time="0.001" classname="org.pircbotx.hooks.events.MassEventTest"/>
  <testcase name="constructorParamToFieldTest" time="0.001" classname="org.pircbotx.hooks.events.MassEventTest"/>
  <testcase name="constructorParamToFieldTest" time="0.000" classname="org.pircbotx.hooks.events.MassEventTest"/>
  <testcase name="singleConstructorTest" time="0.000" classname="org.pircbotx.hooks.events.MassEventTest"/>
  <testcase name="constructorParamToFieldTest" time="0.000" classname="org.pircbotx.hooks.events.MassEventTest"/>
  <testcase name="firstConstructorArgBotTest" time="0.001" classname="org.pircbotx.hooks.events.MassEventTest"/>
  <testcase name="firstConstructorArgBotTest" time="0.000" classname="org.pircbotx.hooks.events.MassEventTest"/>
  <testcase name="firstConstructorArgBotTest" time="0.001" classname="org.pircbotx.hooks.events.MassEventTest"/>
  <testcase name="firstConstructorArgBotTest" time="0.000" classname="org.pircbotx.hooks.events.MassEventTest"/>
  <testcase name="constructorParamToFieldTest" time="0.001" classname="org.pircbotx.hooks.events.MassEventTest"/>
  <testcase name="constructorParamToFieldTest" time="0.000" classname="org.pircbotx.hooks.events.MassEventTest"/>
  <testcase name="singleConstructorTest" time="0.000" classname="org.pircbotx.hooks.events.MassEventTest"/>
  <testcase name="singleConstructorTest" time="0.000" classname="org.pircbotx.hooks.events.MassEventTest"/>
  <testcase name="singleConstructorTest" time="0.000" classname="org.pircbotx.hooks.events.MassEventTest"/>
  <testcase name="singleConstructorTest" time="0.000" classname="org.pircbotx.hooks.events.MassEventTest"/>
  <testcase name="firstConstructorArgBotTest" time="0.000" classname="org.pircbotx.hooks.events.MassEventTest"/>
  <testcase name="firstConstructorArgBotTest" time="0.000" classname="org.pircbotx.hooks.events.MassEventTest"/>
  <testcase name="firstConstructorArgBotTest" time="0.000" classname="org.pircbotx.hooks.events.MassEventTest"/>
  <testcase name="firstConstructorArgBotTest" time="0.000" classname="org.pircbotx.hooks.events.MassEventTest"/>
  <testcase name="constructorParamToFieldTest" time="0.000" classname="org.pircbotx.hooks.events.MassEventTest"/>
  <testcase name="singleConstructorTest" time="0.000" classname="org.pircbotx.hooks.events.MassEventTest"/>
  <testcase name="constructorParamToFieldTest" time="0.001" classname="org.pircbotx.hooks.events.MassEventTest"/>
  <testcase name="firstConstructorArgBotTest" time="0.000" classname="org.pircbotx.hooks.events.MassEventTest"/>
  <testcase name="firstConstructorArgBotTest" time="0.000" classname="org.pircbotx.hooks.events.MassEventTest"/>
  <testcase name="constructorParamToFieldTest" time="0.001" classname="org.pircbotx.hooks.events.MassEventTest"/>
  <testcase name="constructorParamToFieldTest" time="0.000" classname="org.pircbotx.hooks.events.MassEventTest"/>
  <testcase name="constructorParamToFieldTest" time="0.000" classname="org.pircbotx.hooks.events.MassEventTest"/>
  <testcase name="constructorParamToFieldTest" time="0.000" classname="org.pircbotx.hooks.events.MassEventTest"/>
  <testcase name="firstConstructorArgBotTest" time="0.000" classname="org.pircbotx.hooks.events.MassEventTest"/>
  <testcase name="firstConstructorArgBotTest" time="0.000" classname="org.pircbotx.hooks.events.MassEventTest"/>
  <testcase name="singleConstructorTest" time="0.000" classname="org.pircbotx.hooks.events.MassEventTest"/>
  <testcase name="firstConstructorArgBotTest" time="0.000" classname="org.pircbotx.hooks.events.MassEventTest"/>
  <testcase name="constructorParamToFieldTest" time="0.000" classname="org.pircbotx.hooks.events.MassEventTest"/>
  <testcase name="constructorParamToFieldTest" time="0.000" classname="org.pircbotx.hooks.events.MassEventTest"/>
  <testcase name="firstConstructorArgBotTest" time="0.000" classname="org.pircbotx.hooks.events.MassEventTest"/>
  <testcase name="singleConstructorTest" time="0.000" classname="org.pircbotx.hooks.events.MassEventTest"/>
  <testcase name="firstConstructorArgBotTest" time="0.000" classname="org.pircbotx.hooks.events.MassEventTest"/>
  <testcase name="constructorParamToFieldTest" time="0.000" classname="org.pircbotx.hooks.events.MassEventTest"/>
  <testcase name="singleConstructorTest" time="0.000" classname="org.pircbotx.hooks.events.MassEventTest"/>
  <testcase name="constructorParamToFieldTest" time="0.001" classname="org.pircbotx.hooks.events.MassEventTest"/>
  <testcase name="singleConstructorTest" time="0.000" classname="org.pircbotx.hooks.events.MassEventTest"/>
  <testcase name="singleConstructorTest" time="0.000" classname="org.pircbotx.hooks.events.MassEventTest"/>
  <testcase name="constructorParamToFieldTest" time="0.000" classname="org.pircbotx.hooks.events.MassEventTest"/>
  <testcase name="constructorParamToFieldTest" time="0.000" classname="org.pircbotx.hooks.events.MassEventTest"/>
  <testcase name="firstConstructorArgBotTest" time="0.000" classname="org.pircbotx.hooks.events.MassEventTest"/>
  <testcase name="firstConstructorArgBotTest" time="0.000" classname="org.pircbotx.hooks.events.MassEventTest"/>
  <testcase name="constructorParamToFieldTest" time="0.001" classname="org.pircbotx.hooks.events.MassEventTest"/>
  <testcase name="constructorParamToFieldTest" time="0.001" classname="org.pircbotx.hooks.events.MassEventTest"/>
  <testcase name="firstConstructorArgBotTest" time="0.000" classname="org.pircbotx.hooks.events.MassEventTest"/>
  <testcase name="constructorParamToFieldTest" time="0.000" classname="org.pircbotx.hooks.events.MassEventTest"/>
  <testcase name="firstConstructorArgBotTest" time="0.000" classname="org.pircbotx.hooks.events.MassEventTest"/>
  <testcase name="firstConstructorArgBotTest" time="0.000" classname="org.pircbotx.hooks.events.MassEventTest"/>
  <testcase name="singleConstructorTest" time="0.000" classname="org.pircbotx.hooks.events.MassEventTest"/>
  <testcase name="firstConstructorArgBotTest" time="0.000" classname="org.pircbotx.hooks.events.MassEventTest"/>
  <testcase name="firstConstructorArgBotTest" time="0.001" classname="org.pircbotx.hooks.events.MassEventTest"/>
  <testcase name="constructorParamToFieldTest" time="0.001" classname="org.pircbotx.hooks.events.MassEventTest"/>
  <testcase name="firstConstructorArgBotTest" time="0.001" classname="org.pircbotx.hooks.events.MassEventTest"/>
  <testcase name="firstConstructorArgBotTest" time="0.000" classname="org.pircbotx.hooks.events.MassEventTest"/>
  <testcase name="constructorParamToFieldTest" time="0.000" classname="org.pircbotx.hooks.events.MassEventTest"/>
  <testcase name="constructorParamToFieldTest" time="0.000" classname="org.pircbotx.hooks.events.MassEventTest"/>
  <testcase name="singleConstructorTest" time="0.000" classname="org.pircbotx.hooks.events.MassEventTest"/>
  <testcase name="singleConstructorTest" time="0.000" classname="org.pircbotx.hooks.events.MassEventTest"/>
  <testcase name="constructorParamToFieldTest" time="0.000" classname="org.pircbotx.hooks.events.MassEventTest"/>
  <testcase name="singleConstructorTest" time="0.001" classname="org.pircbotx.hooks.events.MassEventTest"/>
</testsuite> <!-- org.pircbotx.hooks.events.MassEventTest -->
