<?xml version="1.0" encoding="UTF-8"?>
<!-- Generated by org.testng.reporters.JUnitReportReporter -->
<testsuite hostname="testing-worker-linux-docker-a13d8448-3196-linux-1" name="org.pircbotx.InputParserTest" tests="144" failures="0" timestamp="12 Jul 2015 21:21:50 GMT" time="0.266" errors="0">
  <testcase name="channelUserModeTest" time="0.002" classname="org.pircbotx.InputParserTest"/>
  <testcase name="channelModeChangeTest" time="0.000" classname="org.pircbotx.InputParserTest"/>
  <testcase name="motdTest" time="0.003" classname="org.pircbotx.InputParserTest"/>
  <testcase name="channelModeChangeTest" time="0.000" classname="org.pircbotx.InputParserTest"/>
  <testcase name="channelUserModeTest" time="0.001" classname="org.pircbotx.InputParserTest"/>
  <testcase name="banListTest" time="0.002" classname="org.pircbotx.InputParserTest"/>
  <testcase name="partWithoutMessageTest" time="0.001" classname="org.pircbotx.InputParserTest"/>
  <testcase name="channelModeChangeTest" time="0.005" classname="org.pircbotx.InputParserTest"/>
  <testcase name="channelModeChangeTest" time="0.002" classname="org.pircbotx.InputParserTest"/>
  <testcase name="noticeTest" time="0.000" classname="org.pircbotx.InputParserTest"/>
  <testcase name="nickDifferentTest" time="0.001" classname="org.pircbotx.InputParserTest"/>
  <testcase name="channelModeChangeTest" time="0.000" classname="org.pircbotx.InputParserTest"/>
  <testcase name="channelModeChangeTest" time="0.002" classname="org.pircbotx.InputParserTest"/>
  <testcase name="channelModeChangeTest" time="0.003" classname="org.pircbotx.InputParserTest"/>
  <testcase name="modeResponseTest" time="0.002" classname="org.pircbotx.InputParserTest"/>
  <testcase name="channelModeChangeTest" time="0.001" classname="org.pircbotx.InputParserTest"/>
  <testcase name="whoTestFalseChannels" time="0.001" classname="org.pircbotx.InputParserTest"/>
  <testcase name="nickChangeBotTest" time="0.004" classname="org.pircbotx.InputParserTest"/>
  <testcase name="nickChangeOtherTest" time="0.001" classname="org.pircbotx.InputParserTest"/>
  <testcase name="channelModeChangeTest" time="0.003" classname="org.pircbotx.InputParserTest"/>
  <testcase name="channelModeChangeTest" time="0.001" classname="org.pircbotx.InputParserTest"/>
  <testcase name="topicInfoTest" time="0.000" classname="org.pircbotx.InputParserTest"/>
  <testcase name="channelModeChangeTest" time="0.012" classname="org.pircbotx.InputParserTest"/>
  <testcase name="setChannelLimitEvent" time="0.001" classname="org.pircbotx.InputParserTest"/>
  <testcase name="channelModeChangeTest" time="0.001" classname="org.pircbotx.InputParserTest"/>
  <testcase name="channelModeChangeTest" time="0.001" classname="org.pircbotx.InputParserTest"/>
  <testcase name="channelModeChangeTest" time="0.002" classname="org.pircbotx.InputParserTest"/>
  <testcase name="channelModeChangeTest" time="0.002" classname="org.pircbotx.InputParserTest"/>
  <testcase name="nickDifferentTest" time="0.001" classname="org.pircbotx.InputParserTest"/>
  <testcase name="channelModeChangeTest" time="0.001" classname="org.pircbotx.InputParserTest"/>
  <testcase name="actionTest" time="0.001" classname="org.pircbotx.InputParserTest"/>
  <testcase name="banExtbanListTest" time="0.005" classname="org.pircbotx.InputParserTest"/>
  <testcase name="serverPingTest" time="0.001" classname="org.pircbotx.InputParserTest"/>
  <testcase name="channelModeChangeTest" time="0.000" classname="org.pircbotx.InputParserTest"/>
  <testcase name="channelModeChangeTest" time="0.006" classname="org.pircbotx.InputParserTest"/>
  <testcase name="channelUserModeTest" time="0.001" classname="org.pircbotx.InputParserTest"/>
  <testcase name="channelModeChangeTest" time="0.000" classname="org.pircbotx.InputParserTest"/>
  <testcase name="removeChannelKeyEventTest" time="0.000" classname="org.pircbotx.InputParserTest"/>
  <testcase name="inviteTest" time="0.006" classname="org.pircbotx.InputParserTest"/>
  <testcase name="fingerTest" time="0.001" classname="org.pircbotx.InputParserTest"/>
  <testcase name="channelModeChangeTest" time="0.000" classname="org.pircbotx.InputParserTest"/>
  <testcase name="channelModeChangeTest" time="0.000" classname="org.pircbotx.InputParserTest"/>
  <testcase name="channelModeChangeTest" time="0.000" classname="org.pircbotx.InputParserTest"/>
  <testcase name="actionTest" time="0.000" classname="org.pircbotx.InputParserTest"/>
  <testcase name="removeChannelKeyEventEmptyTest" time="0.001" classname="org.pircbotx.InputParserTest"/>
  <testcase name="quitWithoutMessageAndColonTest" time="0.001" classname="org.pircbotx.InputParserTest"/>
  <testcase name="channelModeChangeTest" time="0.002" classname="org.pircbotx.InputParserTest"/>
  <testcase name="channelModeChangeTest" time="0.002" classname="org.pircbotx.InputParserTest"/>
  <testcase name="channelModeChangeTest" time="0.001" classname="org.pircbotx.InputParserTest"/>
  <testcase name="channelUserModeTest" time="0.000" classname="org.pircbotx.InputParserTest"/>
  <testcase name="channelModeChangeTest" time="0.001" classname="org.pircbotx.InputParserTest"/>
  <testcase name="userModeTest" time="0.000" classname="org.pircbotx.InputParserTest"/>
  <testcase name="channelModeChangeTest" time="0.000" classname="org.pircbotx.InputParserTest"/>
  <testcase name="userModeInitTest" time="0.002" classname="org.pircbotx.InputParserTest"/>
  <testcase name="channelModeChangeTest" time="0.012" classname="org.pircbotx.InputParserTest"/>
  <testcase name="channelModeChangeTest" time="0.001" classname="org.pircbotx.InputParserTest"/>
  <testcase name="channelModeChangeTest" time="0.003" classname="org.pircbotx.InputParserTest"/>
  <testcase name="removeChannelLimitEvent" time="0.001" classname="org.pircbotx.InputParserTest"/>
  <testcase name="channelModeChangeTest" time="0.000" classname="org.pircbotx.InputParserTest"/>
  <testcase name="topicResponseTest" time="0.000" classname="org.pircbotx.InputParserTest"/>
  <testcase name="setChannelKeyModeTest" time="0.001" classname="org.pircbotx.InputParserTest"/>
  <testcase name="whoisInvalidUserTest" time="0.001" classname="org.pircbotx.InputParserTest"/>
  <testcase name="channelModeChangeTest" time="0.001" classname="org.pircbotx.InputParserTest"/>
  <testcase name="noticeTest" time="0.000" classname="org.pircbotx.InputParserTest"/>
  <testcase name="awayNotifyMessageEmptyTest" time="0.002" classname="org.pircbotx.InputParserTest"/>
  <testcase name="channelModeChangeTest" time="0.000" classname="org.pircbotx.InputParserTest"/>
  <testcase name="channelModeChangeTest" time="0.001" classname="org.pircbotx.InputParserTest"/>
  <testcase name="modeRecipientWithGlobHostmask" time="0.001" classname="org.pircbotx.InputParserTest"/>
  <testcase name="versionTest" time="0.000" classname="org.pircbotx.InputParserTest"/>
  <testcase name="awayNotifyMessageMissingTest" time="0.001" classname="org.pircbotx.InputParserTest"/>
  <testcase name="whoisTest" time="0.002" classname="org.pircbotx.InputParserTest"/>
  <testcase name="quitWithMessageTest" time="0.002" classname="org.pircbotx.InputParserTest"/>
  <testcase name="pingTest" time="0.001" classname="org.pircbotx.InputParserTest"/>
  <testcase name="whoTest" time="0.001" classname="org.pircbotx.InputParserTest"/>
  <testcase name="listTest" time="0.004" classname="org.pircbotx.InputParserTest"/>
  <testcase name="whoisRegistered330NameTest" time="0.001" classname="org.pircbotx.InputParserTest"/>
  <testcase name="channelModeChangeTest" time="0.000" classname="org.pircbotx.InputParserTest"/>
  <testcase name="pingTest" time="0.000" classname="org.pircbotx.InputParserTest"/>
  <testcase name="timeTest" time="0.001" classname="org.pircbotx.InputParserTest"/>
  <testcase name="channelUserModeTest" time="0.001" classname="org.pircbotx.InputParserTest"/>
  <testcase name="channelModeChangeTest" time="0.001" classname="org.pircbotx.InputParserTest"/>
  <testcase name="channelModeChangeTest" time="0.001" classname="org.pircbotx.InputParserTest"/>
  <testcase name="channelModeChangeTest" time="0.002" classname="org.pircbotx.InputParserTest"/>
  <testcase name="setChannelLimitModeEvent" time="0.000" classname="org.pircbotx.InputParserTest"/>
  <testcase name="quitWithoutMessageTest" time="0.001" classname="org.pircbotx.InputParserTest"/>
  <testcase name="channelModeChangeTest" time="0.001" classname="org.pircbotx.InputParserTest"/>
  <testcase name="channelModeMessageTest" time="0.001" classname="org.pircbotx.InputParserTest"/>
  <testcase name="partWithMessageTest" time="0.019" classname="org.pircbotx.InputParserTest"/>
  <testcase name="setChannelKeyEventTest" time="0.002" classname="org.pircbotx.InputParserTest"/>
  <testcase name="whoisNoChannelsTest" time="0.000" classname="org.pircbotx.InputParserTest"/>
  <testcase name="privateMessageTest" time="0.002" classname="org.pircbotx.InputParserTest"/>
  <testcase name="channelModeChangeTest" time="0.006" classname="org.pircbotx.InputParserTest"/>
  <testcase name="channelModeChangeTest" time="0.000" classname="org.pircbotx.InputParserTest"/>
  <testcase name="topicInfoFullHostmaskTest" time="0.000" classname="org.pircbotx.InputParserTest"/>
  <testcase name="channelModeChangeTest" time="0.004" classname="org.pircbotx.InputParserTest"/>
  <testcase name="nickRenamePartTest" time="0.011" classname="org.pircbotx.InputParserTest"/>
  <testcase name="channelModeChangeTest" time="0.002" classname="org.pircbotx.InputParserTest"/>
  <testcase name="nickRenameWithQuitTest" time="0.002" classname="org.pircbotx.InputParserTest"/>
  <testcase name="channelModeChangeTest" time="0.006" classname="org.pircbotx.InputParserTest"/>
  <testcase name="awayNotifyTest" time="0.000" classname="org.pircbotx.InputParserTest"/>
  <testcase name="nickAlreadyInUseTest" time="0.001" classname="org.pircbotx.InputParserTest"/>
  <testcase name="channelModeChangeTest" time="0.001" classname="org.pircbotx.InputParserTest"/>
  <testcase name="fingerTest" time="0.001" classname="org.pircbotx.InputParserTest"/>
  <testcase name="versionTest" time="0.000" classname="org.pircbotx.InputParserTest"/>
  <testcase name="channelModeChangeTest" time="0.002" classname="org.pircbotx.InputParserTest"/>
  <testcase name="channelModeChangeTest" time="0.005" classname="org.pircbotx.InputParserTest"/>
  <testcase name="channelUserModeTest" time="0.000" classname="org.pircbotx.InputParserTest"/>
  <testcase name="channelModeChangeTest" time="0.002" classname="org.pircbotx.InputParserTest"/>
  <testcase name="channelUserModeTest" time="0.000" classname="org.pircbotx.InputParserTest"/>
  <testcase name="whoisRegistered330NoNameTest" time="0.001" classname="org.pircbotx.InputParserTest"/>
  <testcase name="nickRenameQuitTest" time="0.002" classname="org.pircbotx.InputParserTest"/>
  <testcase name="namesTest" time="0.015" classname="org.pircbotx.InputParserTest"/>
  <testcase name="channelModeChangeTest" time="0.002" classname="org.pircbotx.InputParserTest"/>
  <testcase name="channelModeChangeTest" time="0.001" classname="org.pircbotx.InputParserTest"/>
  <testcase name="channelUserModeTest" time="0.002" classname="org.pircbotx.InputParserTest"/>
  <testcase name="insensitiveLookupTest" time="0.000" classname="org.pircbotx.InputParserTest"/>
  <testcase name="whoisCaseInsensitiveTest" time="0.000" classname="org.pircbotx.InputParserTest"/>
  <testcase name="channelModeChangeTest" time="0.002" classname="org.pircbotx.InputParserTest"/>
  <testcase name="channelModeChangeTest" time="0.008" classname="org.pircbotx.InputParserTest"/>
  <testcase name="nickDifferentTest" time="0.000" classname="org.pircbotx.InputParserTest"/>
  <testcase name="partUs" time="0.001" classname="org.pircbotx.InputParserTest"/>
  <testcase name="removeChannelLimitEmptyEvent" time="0.002" classname="org.pircbotx.InputParserTest"/>
  <testcase name="channelUserModeTest" time="0.001" classname="org.pircbotx.InputParserTest"/>
  <testcase name="partWithoutMessageAndColonTest" time="0.001" classname="org.pircbotx.InputParserTest"/>
  <testcase name="timeTest" time="0.005" classname="org.pircbotx.InputParserTest"/>
  <testcase name="channelModeChangeTest" time="0.000" classname="org.pircbotx.InputParserTest"/>
  <testcase name="kickTest" time="0.000" classname="org.pircbotx.InputParserTest"/>
  <testcase name="channelModeChangeTest" time="0.003" classname="org.pircbotx.InputParserTest"/>
  <testcase name="messageTest" time="0.001" classname="org.pircbotx.InputParserTest"/>
  <testcase name="channelModeChangeTest" time="0.002" classname="org.pircbotx.InputParserTest"/>
  <testcase name="channelModeChangeTest" time="0.002" classname="org.pircbotx.InputParserTest"/>
  <testcase name="nickDifferentTest" time="0.000" classname="org.pircbotx.InputParserTest"/>
  <testcase name="channelModeChangeTest" time="0.001" classname="org.pircbotx.InputParserTest"/>
  <testcase name="topicChangeTest" time="0.007" classname="org.pircbotx.InputParserTest"/>
  <testcase name="channelModeChangeTest" time="0.000" classname="org.pircbotx.InputParserTest"/>
  <testcase name="channelUserModeTest" time="0.005" classname="org.pircbotx.InputParserTest"/>
  <testcase name="channelCreationDateFreenode" time="0.001" classname="org.pircbotx.InputParserTest"/>
  <testcase name="channelModeChangeTest" time="0.000" classname="org.pircbotx.InputParserTest"/>
  <testcase name="userDataBotTest" time="0.001" classname="org.pircbotx.InputParserTest"/>
  <testcase name="joinTest" time="0.001" classname="org.pircbotx.InputParserTest"/>
  <testcase name="awayTest" time="0.000" classname="org.pircbotx.InputParserTest"/>
  <testcase name="containsModeTest" time="0.000" classname="org.pircbotx.InputParserTest"/>
  <testcase name="channelModeChangeTest" time="0.001" classname="org.pircbotx.InputParserTest"/>
  <testcase name="whoisRegistered307Test" time="0.000" classname="org.pircbotx.InputParserTest"/>
</testsuite> <!-- org.pircbotx.InputParserTest -->
