<?xml version="1.0" encoding="UTF-8"?>
<!-- Generated by org.testng.reporters.JUnitReportReporter -->
<testsuite hostname="testing-worker-linux-docker-a13d8448-3196-linux-1" name="org.pircbotx.hooks.TemporaryListenerTest" tests="2" failures="0" timestamp="12 Jul 2015 21:21:50 GMT" time="0.003" errors="0">
  <testcase name="listenerGetsRemoved" time="0.001" classname="org.pircbotx.hooks.TemporaryListenerTest"/>
  <testcase name="eventDispatched" time="0.002" classname="org.pircbotx.hooks.TemporaryListenerTest"/>
</testsuite> <!-- org.pircbotx.hooks.TemporaryListenerTest -->
