<?xml version="1.0" encoding="UTF-8"?>
<!-- Generated by org.testng.reporters.JUnitReportReporter -->
<testsuite hostname="testing-worker-linux-docker-a13d8448-3196-linux-1" name="org.pircbotx.PircBotXConnectTest" tests="5" failures="0" timestamp="12 Jul 2015 21:21:50 GMT" time="0.018" errors="0">
  <testcase name="connectNoCapTest" time="0.007" classname="org.pircbotx.PircBotXConnectTest"/>
  <testcase name="connectTestWithUnknownCap" time="0.004" classname="org.pircbotx.PircBotXConnectTest"/>
  <testcase name="connectWithPasswordTest" time="0.001" classname="org.pircbotx.PircBotXConnectTest"/>
  <testcase name="connectTest" time="0.004" classname="org.pircbotx.PircBotXConnectTest"/>
  <testcase name="connectWithDifferentPortTest" time="0.002" classname="org.pircbotx.PircBotXConnectTest"/>
</testsuite> <!-- org.pircbotx.PircBotXConnectTest -->
