<?xml version="1.0" encoding="UTF-8"?>
<!-- Generated by org.testng.reporters.JUnitReportReporter -->
<testsuite hostname="testing-worker-linux-docker-a13d8448-3196-linux-1" name="org.pircbotx.output.OutputSplitTest" tests="1" failures="0" timestamp="12 Jul 2015 21:21:49 GMT" time="0.009" errors="0">
  <testcase name="sendRawLineSplit" time="0.009" classname="org.pircbotx.output.OutputSplitTest"/>
</testsuite> <!-- org.pircbotx.output.OutputSplitTest -->
