<?xml version="1.0" encoding="UTF-8"?>
<!-- Generated by org.testng.reporters.JUnitReportReporter -->
<testsuite hostname="testing-worker-linux-docker-a13d8448-3196-linux-1" name="org.pircbotx.UtilsTest" tests="4" failures="0" timestamp="12 Jul 2015 21:21:49 GMT" time="0.000" errors="0">
  <testcase name="tokenizeChannelMessageTest" time="0.000" classname="org.pircbotx.UtilsTest"/>
  <testcase name="tokenizeChannelMessageTest" time="0.000" classname="org.pircbotx.UtilsTest"/>
  <testcase name="tokenizePing" time="0.000" classname="org.pircbotx.UtilsTest"/>
  <testcase name="tokenizePing" time="0.000" classname="org.pircbotx.UtilsTest"/>
</testsuite> <!-- org.pircbotx.UtilsTest -->
