<?xml version="1.0" encoding="UTF-8"?>
<!-- Generated by org.testng.reporters.JUnitReportReporter -->
<testsuite hostname="testing-worker-linux-docker-a13d8448-3196-linux-1" name="org.pircbotx.hooks.ListenerAdapterTest" tests="188" failures="0" timestamp="12 Jul 2015 21:21:50 GMT" time="1.286" errors="0">
  <testcase name="eventImplementTest" time="0.001" classname="org.pircbotx.hooks.ListenerAdapterTest"/>
  <testcase name="eventImplementTest" time="0.004" classname="org.pircbotx.hooks.ListenerAdapterTest"/>
  <testcase name="eventImplementTest" time="0.000" classname="org.pircbotx.hooks.ListenerAdapterTest"/>
  <testcase name="onEventTest" time="0.012" classname="org.pircbotx.hooks.ListenerAdapterTest"/>
  <testcase name="throwsExceptionTest" time="0.000" classname="org.pircbotx.hooks.ListenerAdapterTest"/>
  <testcase name="onEventTest" time="0.042" classname="org.pircbotx.hooks.ListenerAdapterTest"/>
  <testcase name="eventImplementTest" time="0.001" classname="org.pircbotx.hooks.ListenerAdapterTest"/>
  <testcase name="eventImplementTest" time="0.001" classname="org.pircbotx.hooks.ListenerAdapterTest"/>
  <testcase name="eventImplementTest" time="0.001" classname="org.pircbotx.hooks.ListenerAdapterTest"/>
  <testcase name="onEventTest" time="0.006" classname="org.pircbotx.hooks.ListenerAdapterTest"/>
  <testcase name="onEventTest" time="0.026" classname="org.pircbotx.hooks.ListenerAdapterTest"/>
  <testcase name="eventImplementTest" time="0.001" classname="org.pircbotx.hooks.ListenerAdapterTest"/>
  <testcase name="onEventTest" time="0.003" classname="org.pircbotx.hooks.ListenerAdapterTest"/>
  <testcase name="throwsExceptionTest" time="0.003" classname="org.pircbotx.hooks.ListenerAdapterTest"/>
  <testcase name="eventImplementTest" time="0.001" classname="org.pircbotx.hooks.ListenerAdapterTest"/>
  <testcase name="eventImplementTest" time="0.056" classname="org.pircbotx.hooks.ListenerAdapterTest"/>
  <testcase name="eventImplementTest" time="0.007" classname="org.pircbotx.hooks.ListenerAdapterTest"/>
  <testcase name="throwsExceptionTest" time="0.000" classname="org.pircbotx.hooks.ListenerAdapterTest"/>
  <testcase name="throwsExceptionTest" time="0.001" classname="org.pircbotx.hooks.ListenerAdapterTest"/>
  <testcase name="onEventTest" time="0.007" classname="org.pircbotx.hooks.ListenerAdapterTest"/>
  <testcase name="eventImplementTest" time="0.002" classname="org.pircbotx.hooks.ListenerAdapterTest"/>
  <testcase name="onEventTest" time="0.025" classname="org.pircbotx.hooks.ListenerAdapterTest"/>
  <testcase name="eventImplementTest" time="0.002" classname="org.pircbotx.hooks.ListenerAdapterTest"/>
  <testcase name="eventImplementTest" time="0.002" classname="org.pircbotx.hooks.ListenerAdapterTest"/>
  <testcase name="throwsExceptionTest" time="0.000" classname="org.pircbotx.hooks.ListenerAdapterTest"/>
  <testcase name="throwsExceptionTest" time="0.000" classname="org.pircbotx.hooks.ListenerAdapterTest"/>
  <testcase name="throwsExceptionTest" time="0.001" classname="org.pircbotx.hooks.ListenerAdapterTest"/>
  <testcase name="throwsExceptionTest" time="0.005" classname="org.pircbotx.hooks.ListenerAdapterTest"/>
  <testcase name="onEventTest" time="0.018" classname="org.pircbotx.hooks.ListenerAdapterTest"/>
  <testcase name="throwsExceptionTest" time="0.001" classname="org.pircbotx.hooks.ListenerAdapterTest"/>
  <testcase name="throwsExceptionTest" time="0.002" classname="org.pircbotx.hooks.ListenerAdapterTest"/>
  <testcase name="throwsExceptionTest" time="0.001" classname="org.pircbotx.hooks.ListenerAdapterTest"/>
  <testcase name="throwsExceptionTest" time="0.000" classname="org.pircbotx.hooks.ListenerAdapterTest"/>
  <testcase name="eventImplementTest" time="0.013" classname="org.pircbotx.hooks.ListenerAdapterTest"/>
  <testcase name="eventImplementTest" time="0.001" classname="org.pircbotx.hooks.ListenerAdapterTest"/>
  <testcase name="onEventTest" time="0.009" classname="org.pircbotx.hooks.ListenerAdapterTest"/>
  <testcase name="throwsExceptionTest" time="0.001" classname="org.pircbotx.hooks.ListenerAdapterTest"/>
  <testcase name="eventImplementTest" time="0.001" classname="org.pircbotx.hooks.ListenerAdapterTest"/>
  <testcase name="throwsExceptionTest" time="0.000" classname="org.pircbotx.hooks.ListenerAdapterTest"/>
  <testcase name="onEventTest" time="0.006" classname="org.pircbotx.hooks.ListenerAdapterTest"/>
  <testcase name="eventImplementTest" time="0.001" classname="org.pircbotx.hooks.ListenerAdapterTest"/>
  <testcase name="eventImplementTest" time="0.000" classname="org.pircbotx.hooks.ListenerAdapterTest"/>
  <testcase name="onEventTest" time="0.009" classname="org.pircbotx.hooks.ListenerAdapterTest"/>
  <testcase name="throwsExceptionTest" time="0.001" classname="org.pircbotx.hooks.ListenerAdapterTest"/>
  <testcase name="onEventTest" time="0.009" classname="org.pircbotx.hooks.ListenerAdapterTest"/>
  <testcase name="onEventTest" time="0.004" classname="org.pircbotx.hooks.ListenerAdapterTest"/>
  <testcase name="throwsExceptionTest" time="0.000" classname="org.pircbotx.hooks.ListenerAdapterTest"/>
  <testcase name="throwsExceptionTest" time="0.001" classname="org.pircbotx.hooks.ListenerAdapterTest"/>
  <testcase name="onEventTest" time="0.004" classname="org.pircbotx.hooks.ListenerAdapterTest"/>
  <testcase name="eventImplementTest" time="0.005" classname="org.pircbotx.hooks.ListenerAdapterTest"/>
  <testcase name="throwsExceptionTest" time="0.000" classname="org.pircbotx.hooks.ListenerAdapterTest"/>
  <testcase name="onEventTest" time="0.008" classname="org.pircbotx.hooks.ListenerAdapterTest"/>
  <testcase name="throwsExceptionTest" time="0.000" classname="org.pircbotx.hooks.ListenerAdapterTest"/>
  <testcase name="eventImplementTest" time="0.000" classname="org.pircbotx.hooks.ListenerAdapterTest"/>
  <testcase name="onEventTest" time="0.036" classname="org.pircbotx.hooks.ListenerAdapterTest"/>
  <testcase name="onEventTest" time="0.018" classname="org.pircbotx.hooks.ListenerAdapterTest"/>
  <testcase name="throwsExceptionTest" time="0.000" classname="org.pircbotx.hooks.ListenerAdapterTest"/>
  <testcase name="throwsExceptionTest" time="0.000" classname="org.pircbotx.hooks.ListenerAdapterTest"/>
  <testcase name="throwsExceptionTest" time="0.000" classname="org.pircbotx.hooks.ListenerAdapterTest"/>
  <testcase name="onEventTest" time="0.009" classname="org.pircbotx.hooks.ListenerAdapterTest"/>
  <testcase name="throwsExceptionTest" time="0.000" classname="org.pircbotx.hooks.ListenerAdapterTest"/>
  <testcase name="onEventTest" time="0.008" classname="org.pircbotx.hooks.ListenerAdapterTest"/>
  <testcase name="eventImplementTest" time="0.001" classname="org.pircbotx.hooks.ListenerAdapterTest"/>
  <testcase name="throwsExceptionTest" time="0.001" classname="org.pircbotx.hooks.ListenerAdapterTest"/>
  <testcase name="eventImplementTest" time="0.001" classname="org.pircbotx.hooks.ListenerAdapterTest"/>
  <testcase name="throwsExceptionTest" time="0.001" classname="org.pircbotx.hooks.ListenerAdapterTest"/>
  <testcase name="onEventTest" time="0.008" classname="org.pircbotx.hooks.ListenerAdapterTest"/>
  <testcase name="onEventTest" time="0.003" classname="org.pircbotx.hooks.ListenerAdapterTest"/>
  <testcase name="eventImplementTest" time="0.010" classname="org.pircbotx.hooks.ListenerAdapterTest"/>
  <testcase name="throwsExceptionTest" time="0.003" classname="org.pircbotx.hooks.ListenerAdapterTest"/>
  <testcase name="eventImplementTest" time="0.001" classname="org.pircbotx.hooks.ListenerAdapterTest"/>
  <testcase name="onEventTest" time="0.000" classname="org.pircbotx.hooks.ListenerAdapterTest"/>
  <testcase name="throwsExceptionTest" time="0.000" classname="org.pircbotx.hooks.ListenerAdapterTest"/>
  <testcase name="throwsExceptionTest" time="0.016" classname="org.pircbotx.hooks.ListenerAdapterTest"/>
  <testcase name="throwsExceptionTest" time="0.001" classname="org.pircbotx.hooks.ListenerAdapterTest"/>
  <testcase name="throwsExceptionTest" time="0.005" classname="org.pircbotx.hooks.ListenerAdapterTest"/>
  <testcase name="eventImplementTest" time="0.001" classname="org.pircbotx.hooks.ListenerAdapterTest"/>
  <testcase name="eventImplementTest" time="0.009" classname="org.pircbotx.hooks.ListenerAdapterTest"/>
  <testcase name="eventImplementTest" time="0.001" classname="org.pircbotx.hooks.ListenerAdapterTest"/>
  <testcase name="onEventTest" time="0.004" classname="org.pircbotx.hooks.ListenerAdapterTest"/>
  <testcase name="throwsExceptionTest" time="0.000" classname="org.pircbotx.hooks.ListenerAdapterTest"/>
  <testcase name="throwsExceptionTest" time="0.000" classname="org.pircbotx.hooks.ListenerAdapterTest"/>
  <testcase name="onEventTest" time="0.013" classname="org.pircbotx.hooks.ListenerAdapterTest"/>
  <testcase name="throwsExceptionTest" time="0.000" classname="org.pircbotx.hooks.ListenerAdapterTest"/>
  <testcase name="eventImplementTest" time="0.001" classname="org.pircbotx.hooks.ListenerAdapterTest"/>
  <testcase name="onEventTest" time="0.005" classname="org.pircbotx.hooks.ListenerAdapterTest"/>
  <testcase name="eventImplementTest" time="0.000" classname="org.pircbotx.hooks.ListenerAdapterTest"/>
  <testcase name="eventImplementTest" time="0.006" classname="org.pircbotx.hooks.ListenerAdapterTest"/>
  <testcase name="onEventTest" time="0.031" classname="org.pircbotx.hooks.ListenerAdapterTest"/>
  <testcase name="throwsExceptionTest" time="0.000" classname="org.pircbotx.hooks.ListenerAdapterTest"/>
  <testcase name="throwsExceptionTest" time="0.001" classname="org.pircbotx.hooks.ListenerAdapterTest"/>
  <testcase name="onEventTest" time="0.003" classname="org.pircbotx.hooks.ListenerAdapterTest"/>
  <testcase name="throwsExceptionTest" time="0.000" classname="org.pircbotx.hooks.ListenerAdapterTest"/>
  <testcase name="eventImplementTest" time="0.004" classname="org.pircbotx.hooks.ListenerAdapterTest"/>
  <testcase name="throwsExceptionTest" time="0.000" classname="org.pircbotx.hooks.ListenerAdapterTest"/>
  <testcase name="eventImplementTest" time="0.002" classname="org.pircbotx.hooks.ListenerAdapterTest"/>
  <testcase name="onEventTest" time="0.009" classname="org.pircbotx.hooks.ListenerAdapterTest"/>
  <testcase name="onEventTest" time="0.006" classname="org.pircbotx.hooks.ListenerAdapterTest"/>
  <testcase name="throwsExceptionTest" time="0.000" classname="org.pircbotx.hooks.ListenerAdapterTest"/>
  <testcase name="throwsExceptionTest" time="0.001" classname="org.pircbotx.hooks.ListenerAdapterTest"/>
  <testcase name="onEventTest" time="0.008" classname="org.pircbotx.hooks.ListenerAdapterTest"/>
  <testcase name="onEventTest" time="0.011" classname="org.pircbotx.hooks.ListenerAdapterTest"/>
  <testcase name="throwsExceptionTest" time="0.001" classname="org.pircbotx.hooks.ListenerAdapterTest"/>
  <testcase name="throwsExceptionTest" time="0.000" classname="org.pircbotx.hooks.ListenerAdapterTest"/>
  <testcase name="eventImplementTest" time="0.004" classname="org.pircbotx.hooks.ListenerAdapterTest"/>
  <testcase name="eventImplementTest" time="0.001" classname="org.pircbotx.hooks.ListenerAdapterTest"/>
  <testcase name="eventImplementTest" time="0.010" classname="org.pircbotx.hooks.ListenerAdapterTest"/>
  <testcase name="throwsExceptionTest" time="0.001" classname="org.pircbotx.hooks.ListenerAdapterTest"/>
  <testcase name="eventImplementTest" time="0.006" classname="org.pircbotx.hooks.ListenerAdapterTest"/>
  <testcase name="throwsExceptionTest" time="0.000" classname="org.pircbotx.hooks.ListenerAdapterTest"/>
  <testcase name="throwsExceptionTest" time="0.001" classname="org.pircbotx.hooks.ListenerAdapterTest"/>
  <testcase name="onEventTest" time="0.008" classname="org.pircbotx.hooks.ListenerAdapterTest"/>
  <testcase name="onEventTest" time="0.004" classname="org.pircbotx.hooks.ListenerAdapterTest"/>
  <testcase name="eventImplementTest" time="0.001" classname="org.pircbotx.hooks.ListenerAdapterTest"/>
  <testcase name="onEventTest" time="0.010" classname="org.pircbotx.hooks.ListenerAdapterTest"/>
  <testcase name="eventImplementTest" time="0.000" classname="org.pircbotx.hooks.ListenerAdapterTest"/>
  <testcase name="onEventTest" time="0.003" classname="org.pircbotx.hooks.ListenerAdapterTest"/>
  <testcase name="eventImplementTest" time="0.000" classname="org.pircbotx.hooks.ListenerAdapterTest"/>
  <testcase name="eventImplementTest" time="0.000" classname="org.pircbotx.hooks.ListenerAdapterTest"/>
  <testcase name="onEventTest" time="0.014" classname="org.pircbotx.hooks.ListenerAdapterTest"/>
  <testcase name="onEventTest" time="0.004" classname="org.pircbotx.hooks.ListenerAdapterTest"/>
  <testcase name="onEventTest" time="0.016" classname="org.pircbotx.hooks.ListenerAdapterTest"/>
  <testcase name="onEventTest" time="0.029" classname="org.pircbotx.hooks.ListenerAdapterTest"/>
  <testcase name="onEventTest" time="0.022" classname="org.pircbotx.hooks.ListenerAdapterTest"/>
  <testcase name="eventImplementTest" time="0.002" classname="org.pircbotx.hooks.ListenerAdapterTest"/>
  <testcase name="throwsExceptionTest" time="0.000" classname="org.pircbotx.hooks.ListenerAdapterTest"/>
  <testcase name="eventImplementTest" time="0.000" classname="org.pircbotx.hooks.ListenerAdapterTest"/>
  <testcase name="onEventTest" time="0.006" classname="org.pircbotx.hooks.ListenerAdapterTest"/>
  <testcase name="eventImplementTest" time="0.003" classname="org.pircbotx.hooks.ListenerAdapterTest"/>
  <testcase name="eventImplementTest" time="0.001" classname="org.pircbotx.hooks.ListenerAdapterTest"/>
  <testcase name="usabilityTest" time="0.227" classname="org.pircbotx.hooks.ListenerAdapterTest"/>
  <testcase name="onEventTest" time="0.002" classname="org.pircbotx.hooks.ListenerAdapterTest"/>
  <testcase name="eventImplementTest" time="0.002" classname="org.pircbotx.hooks.ListenerAdapterTest"/>
  <testcase name="throwsExceptionTest" time="0.000" classname="org.pircbotx.hooks.ListenerAdapterTest"/>
  <testcase name="eventImplementTest" time="0.004" classname="org.pircbotx.hooks.ListenerAdapterTest"/>
  <testcase name="onEventTest" time="0.008" classname="org.pircbotx.hooks.ListenerAdapterTest"/>
  <testcase name="throwsExceptionTest" time="0.000" classname="org.pircbotx.hooks.ListenerAdapterTest"/>
  <testcase name="eventImplementTest" time="0.003" classname="org.pircbotx.hooks.ListenerAdapterTest"/>
  <testcase name="onEventTest" time="0.008" classname="org.pircbotx.hooks.ListenerAdapterTest"/>
  <testcase name="throwsExceptionTest" time="0.001" classname="org.pircbotx.hooks.ListenerAdapterTest"/>
  <testcase name="eventImplementTest" time="0.002" classname="org.pircbotx.hooks.ListenerAdapterTest"/>
  <testcase name="eventImplementTest" time="0.002" classname="org.pircbotx.hooks.ListenerAdapterTest"/>
  <testcase name="eventImplementTest" time="0.000" classname="org.pircbotx.hooks.ListenerAdapterTest"/>
  <testcase name="eventImplementTest" time="0.000" classname="org.pircbotx.hooks.ListenerAdapterTest"/>
  <testcase name="onEventTest" time="0.007" classname="org.pircbotx.hooks.ListenerAdapterTest"/>
  <testcase name="eventImplementTest" time="0.001" classname="org.pircbotx.hooks.ListenerAdapterTest"/>
  <testcase name="throwsExceptionTest" time="0.001" classname="org.pircbotx.hooks.ListenerAdapterTest"/>
  <testcase name="throwsExceptionTest" time="0.001" classname="org.pircbotx.hooks.ListenerAdapterTest"/>
  <testcase name="throwsExceptionTest" time="0.003" classname="org.pircbotx.hooks.ListenerAdapterTest"/>
  <testcase name="eventImplementTest" time="0.002" classname="org.pircbotx.hooks.ListenerAdapterTest"/>
  <testcase name="eventImplementTest" time="0.001" classname="org.pircbotx.hooks.ListenerAdapterTest"/>
  <testcase name="unknownEventTest" time="0.020" classname="org.pircbotx.hooks.ListenerAdapterTest"/>
  <testcase name="eventImplementTest" time="0.002" classname="org.pircbotx.hooks.ListenerAdapterTest"/>
  <testcase name="eventImplementTest" time="0.001" classname="org.pircbotx.hooks.ListenerAdapterTest"/>
  <testcase name="eventImplementTest" time="0.003" classname="org.pircbotx.hooks.ListenerAdapterTest"/>
  <testcase name="eventImplementTest" time="0.002" classname="org.pircbotx.hooks.ListenerAdapterTest"/>
  <testcase name="onEventTest" time="0.003" classname="org.pircbotx.hooks.ListenerAdapterTest"/>
  <testcase name="throwsExceptionTest" time="0.000" classname="org.pircbotx.hooks.ListenerAdapterTest"/>
  <testcase name="throwsExceptionTest" time="0.001" classname="org.pircbotx.hooks.ListenerAdapterTest"/>
  <testcase name="eventImplementTest" time="0.002" classname="org.pircbotx.hooks.ListenerAdapterTest"/>
  <testcase name="eventImplementTest" time="0.001" classname="org.pircbotx.hooks.ListenerAdapterTest"/>
  <testcase name="throwsExceptionTest" time="0.000" classname="org.pircbotx.hooks.ListenerAdapterTest"/>
  <testcase name="throwsExceptionTest" time="0.000" classname="org.pircbotx.hooks.ListenerAdapterTest"/>
  <testcase name="throwsExceptionTest" time="0.000" classname="org.pircbotx.hooks.ListenerAdapterTest"/>
  <testcase name="throwsExceptionTest" time="0.001" classname="org.pircbotx.hooks.ListenerAdapterTest"/>
  <testcase name="eventImplementTest" time="0.004" classname="org.pircbotx.hooks.ListenerAdapterTest"/>
  <testcase name="throwsExceptionTest" time="0.001" classname="org.pircbotx.hooks.ListenerAdapterTest"/>
  <testcase name="eventImplementTest" time="0.001" classname="org.pircbotx.hooks.ListenerAdapterTest"/>
  <testcase name="eventImplementTest" time="0.000" classname="org.pircbotx.hooks.ListenerAdapterTest"/>
  <testcase name="onEventTest" time="0.009" classname="org.pircbotx.hooks.ListenerAdapterTest"/>
  <testcase name="throwsExceptionTest" time="0.002" classname="org.pircbotx.hooks.ListenerAdapterTest"/>
  <testcase name="throwsExceptionTest" time="0.003" classname="org.pircbotx.hooks.ListenerAdapterTest"/>
  <testcase name="throwsExceptionTest" time="0.000" classname="org.pircbotx.hooks.ListenerAdapterTest"/>
  <testcase name="onEventTest" time="0.161" classname="org.pircbotx.hooks.ListenerAdapterTest"/>
  <testcase name="throwsExceptionTest" time="0.002" classname="org.pircbotx.hooks.ListenerAdapterTest"/>
  <testcase name="eventImplementTest" time="0.002" classname="org.pircbotx.hooks.ListenerAdapterTest"/>
  <testcase name="throwsExceptionTest" time="0.000" classname="org.pircbotx.hooks.ListenerAdapterTest"/>
  <testcase name="onEventTest" time="0.007" classname="org.pircbotx.hooks.ListenerAdapterTest"/>
  <testcase name="throwsExceptionTest" time="0.000" classname="org.pircbotx.hooks.ListenerAdapterTest"/>
  <testcase name="onEventTest" time="0.008" classname="org.pircbotx.hooks.ListenerAdapterTest"/>
  <testcase name="onEventTest" time="0.018" classname="org.pircbotx.hooks.ListenerAdapterTest"/>
  <testcase name="onEventTest" time="0.032" classname="org.pircbotx.hooks.ListenerAdapterTest"/>
  <testcase name="onEventTest" time="0.003" classname="org.pircbotx.hooks.ListenerAdapterTest"/>
  <testcase name="onEventTest" time="0.005" classname="org.pircbotx.hooks.ListenerAdapterTest"/>
  <testcase name="onEventTest" time="0.003" classname="org.pircbotx.hooks.ListenerAdapterTest"/>
  <testcase name="onEventTest" time="0.023" classname="org.pircbotx.hooks.ListenerAdapterTest"/>
  <testcase name="throwsExceptionTest" time="0.000" classname="org.pircbotx.hooks.ListenerAdapterTest"/>
  <testcase name="eventImplementTest" time="0.001" classname="org.pircbotx.hooks.ListenerAdapterTest"/>
</testsuite> <!-- org.pircbotx.hooks.ListenerAdapterTest -->
