<?xml version="1.0" encoding="UTF-8"?>
<!-- Generated by org.testng.reporters.JUnitReportReporter -->
<testsuite hostname="testing-worker-linux-docker-a13d8448-3196-linux-1" name="org.pircbotx.output.OutputTest" tests="32" failures="0" timestamp="12 Jul 2015 21:21:49 GMT" time="0.237" errors="0">
  <testcase name="sendMessageChannelInterfaceTest" time="0.011" classname="org.pircbotx.output.OutputTest"/>
  <testcase name="sendNoticeUserInterfaceTest" time="0.006" classname="org.pircbotx.output.OutputTest"/>
  <testcase name="sendInviteUserStringTest" time="0.010" classname="org.pircbotx.output.OutputTest"/>
  <testcase name="sendInviteStringTest" time="0.008" classname="org.pircbotx.output.OutputTest"/>
  <testcase name="sendInviteChannelChannelTest" time="0.006" classname="org.pircbotx.output.OutputTest"/>
  <testcase name="sendQuit" time="0.009" classname="org.pircbotx.output.OutputTest"/>
  <testcase name="sendMessageUserTest" time="0.002" classname="org.pircbotx.output.OutputTest"/>
  <testcase name="sendCTCPResponseStringTest" time="0.003" classname="org.pircbotx.output.OutputTest"/>
  <testcase name="sendCTCPResponseUserTest" time="0.004" classname="org.pircbotx.output.OutputTest"/>
  <testcase name="sendNoticeUserTest" time="0.004" classname="org.pircbotx.output.OutputTest"/>
  <testcase name="sendActionUserTest" time="0.004" classname="org.pircbotx.output.OutputTest"/>
  <testcase name="sendActionChannelInterfaceTest" time="0.075" classname="org.pircbotx.output.OutputTest"/>
  <testcase name="sendNoticeChannelInterfaceTest" time="0.001" classname="org.pircbotx.output.OutputTest"/>
  <testcase name="sendMessageStringTest" time="0.002" classname="org.pircbotx.output.OutputTest"/>
  <testcase name="sendMessageChannelUserTest" time="0.008" classname="org.pircbotx.output.OutputTest"/>
  <testcase name="sendInviteChannelUserTest" time="0.009" classname="org.pircbotx.output.OutputTest"/>
  <testcase name="sendNoticeStringTest" time="0.002" classname="org.pircbotx.output.OutputTest"/>
  <testcase name="sendQuitMessage" time="0.005" classname="org.pircbotx.output.OutputTest"/>
  <testcase name="sendMessageUserInterfaceTest" time="0.010" classname="org.pircbotx.output.OutputTest"/>
  <testcase name="sendActionStringTest" time="0.002" classname="org.pircbotx.output.OutputTest"/>
  <testcase name="sendNoticeChannelTest" time="0.006" classname="org.pircbotx.output.OutputTest"/>
  <testcase name="sendRawLineTest" time="0.006" classname="org.pircbotx.output.OutputTest"/>
  <testcase name="sendMessageChannelTest" time="0.004" classname="org.pircbotx.output.OutputTest"/>
  <testcase name="sendCTCPCommandUserTest" time="0.005" classname="org.pircbotx.output.OutputTest"/>
  <testcase name="sendCTCPCommandStringTest" time="0.002" classname="org.pircbotx.output.OutputTest"/>
  <testcase name="sendInviteUserChannelTest" time="0.003" classname="org.pircbotx.output.OutputTest"/>
  <testcase name="sendInviteChannelStringTest" time="0.009" classname="org.pircbotx.output.OutputTest"/>
  <testcase name="sendActionUserInterfaceTest" time="0.003" classname="org.pircbotx.output.OutputTest"/>
  <testcase name="sendRawLineNowTest" time="0.003" classname="org.pircbotx.output.OutputTest"/>
  <testcase name="sendCTCPCommandChannelTest" time="0.005" classname="org.pircbotx.output.OutputTest"/>
  <testcase name="sendRawLineSplitShort" time="0.007" classname="org.pircbotx.output.OutputTest"/>
  <testcase name="sendActionChannelTest" time="0.003" classname="org.pircbotx.output.OutputTest"/>
</testsuite> <!-- org.pircbotx.output.OutputTest -->
