<?xml version="1.0" encoding="UTF-8"?>
<!-- Generated by org.testng.reporters.JUnitReportReporter -->
<testsuite hostname="testing-worker-linux-docker-a13d8448-3196-linux-1" name="org.pircbotx.UserChannelDaoTest" tests="9" failures="0" timestamp="12 Jul 2015 21:21:50 GMT" time="0.002" errors="0">
  <testcase name="getChannelValidTest" time="0.000" classname="org.pircbotx.UserChannelDaoTest"/>
  <testcase name="getUserValidTest" time="0.000" classname="org.pircbotx.UserChannelDaoTest"/>
  <testcase name="getUserByHostmaskFull" time="0.000" classname="org.pircbotx.UserChannelDaoTest"/>
  <testcase name="getUserInvalidTest" time="0.001" classname="org.pircbotx.UserChannelDaoTest"/>
  <testcase name="userHostmaskEqualsAndHashCodeTest" time="0.000" classname="org.pircbotx.UserChannelDaoTest"/>
  <testcase name="channelExistsTest" time="0.000" classname="org.pircbotx.UserChannelDaoTest"/>
  <testcase name="userExistsTest" time="0.001" classname="org.pircbotx.UserChannelDaoTest"/>
  <testcase name="getChannelInvalidTest" time="0.000" classname="org.pircbotx.UserChannelDaoTest"/>
  <testcase name="userEqualsAndHashCodeTest" time="0.000" classname="org.pircbotx.UserChannelDaoTest"/>
</testsuite> <!-- org.pircbotx.UserChannelDaoTest -->
